\BOOKMARK [0][-]{chapter.1}{\376\377\0001\000\040\000N\000a\000m\000e\000s\000p\000a\000c\000e\000\040\000I\000n\000d\000e\000x}{}% 1
\BOOKMARK [1][-]{section.1.1}{\376\377\0001\000.\0001\000\040\000N\000a\000m\000e\000s\000p\000a\000c\000e\000\040\000L\000i\000s\000t}{chapter.1}% 2
\BOOKMARK [0][-]{chapter.2}{\376\377\0002\000\040\000H\000i\000e\000r\000a\000r\000c\000h\000i\000c\000a\000l\000\040\000I\000n\000d\000e\000x}{}% 3
\BOOKMARK [1][-]{section.2.1}{\376\377\0002\000.\0001\000\040\000C\000l\000a\000s\000s\000\040\000H\000i\000e\000r\000a\000r\000c\000h\000y}{chapter.2}% 4
\BOOKMARK [0][-]{chapter.3}{\376\377\0003\000\040\000C\000l\000a\000s\000s\000\040\000I\000n\000d\000e\000x}{}% 5
\BOOKMARK [1][-]{section.3.1}{\376\377\0003\000.\0001\000\040\000C\000l\000a\000s\000s\000\040\000L\000i\000s\000t}{chapter.3}% 6
\BOOKMARK [0][-]{chapter.4}{\376\377\0004\000\040\000F\000i\000l\000e\000\040\000I\000n\000d\000e\000x}{}% 7
\BOOKMARK [1][-]{section.4.1}{\376\377\0004\000.\0001\000\040\000F\000i\000l\000e\000\040\000L\000i\000s\000t}{chapter.4}% 8
\BOOKMARK [0][-]{chapter.5}{\376\377\0005\000\040\000N\000a\000m\000e\000s\000p\000a\000c\000e\000\040\000D\000o\000c\000u\000m\000e\000n\000t\000a\000t\000i\000o\000n}{}% 9
\BOOKMARK [1][-]{section.5.1}{\376\377\0005\000.\0001\000\040\000C\000a\000i\000m\000a\000n\000\040\000N\000a\000m\000e\000s\000p\000a\000c\000e\000\040\000R\000e\000f\000e\000r\000e\000n\000c\000e}{chapter.5}% 10
\BOOKMARK [1][-]{section.5.2}{\376\377\0005\000.\0002\000\040\000C\000a\000i\000m\000a\000n\000.\000d\000a\000t\000a\000b\000a\000s\000e\000\040\000N\000a\000m\000e\000s\000p\000a\000c\000e\000\040\000R\000e\000f\000e\000r\000e\000n\000c\000e}{chapter.5}% 11
\BOOKMARK [1][-]{section.5.3}{\376\377\0005\000.\0003\000\040\000C\000a\000i\000m\000a\000n\000.\000i\000n\000t\000e\000r\000f\000a\000c\000e\000G\000\040\000N\000a\000m\000e\000s\000p\000a\000c\000e\000\040\000R\000e\000f\000e\000r\000e\000n\000c\000e}{chapter.5}% 12
\BOOKMARK [1][-]{section.5.4}{\376\377\0005\000.\0004\000\040\000C\000a\000i\000m\000a\000n\000.\000i\000n\000t\000e\000r\000f\000a\000c\000e\000G\000.\000u\000s\000e\000r\000c\000o\000n\000t\000r\000o\000l\000\040\000N\000a\000m\000e\000s\000p\000a\000c\000e\000\040\000R\000e\000f\000e\000r\000e\000n\000c\000e}{chapter.5}% 13
\BOOKMARK [1][-]{section.5.5}{\376\377\0005\000.\0005\000\040\000C\000a\000i\000m\000a\000n\000.\000i\000n\000t\000e\000r\000f\000a\000c\000e\000G\000.\000X\000b\000o\000x\000C\000o\000n\000t\000r\000o\000l\000\040\000N\000a\000m\000e\000s\000p\000a\000c\000e\000\040\000R\000e\000f\000e\000r\000e\000n\000c\000e}{chapter.5}% 14
\BOOKMARK [1][-]{section.5.6}{\376\377\0005\000.\0006\000\040\000C\000a\000i\000m\000a\000n\000.\000l\000o\000g\000i\000q\000u\000e\000\040\000N\000a\000m\000e\000s\000p\000a\000c\000e\000\040\000R\000e\000f\000e\000r\000e\000n\000c\000e}{chapter.5}% 15
\BOOKMARK [1][-]{section.5.7}{\376\377\0005\000.\0007\000\040\000C\000a\000i\000m\000a\000n\000.\000m\000o\000d\000e\000l\000s\000\040\000N\000a\000m\000e\000s\000p\000a\000c\000e\000\040\000R\000e\000f\000e\000r\000e\000n\000c\000e}{chapter.5}% 16
\BOOKMARK [1][-]{section.5.8}{\376\377\0005\000.\0008\000\040\000C\000a\000i\000m\000a\000n\000.\000P\000r\000o\000p\000e\000r\000t\000i\000e\000s\000\040\000N\000a\000m\000e\000s\000p\000a\000c\000e\000\040\000R\000e\000f\000e\000r\000e\000n\000c\000e}{chapter.5}% 17
\BOOKMARK [0][-]{chapter.6}{\376\377\0006\000\040\000C\000l\000a\000s\000s\000\040\000D\000o\000c\000u\000m\000e\000n\000t\000a\000t\000i\000o\000n}{}% 18
\BOOKMARK [1][-]{section.6.1}{\376\377\0006\000.\0001\000\040\000C\000a\000i\000m\000a\000n\000.\000d\000a\000t\000a\000b\000a\000s\000e\000.\000C\000a\000l\000l\000A\000P\000I\000\040\000C\000l\000a\000s\000s\000\040\000R\000e\000f\000e\000r\000e\000n\000c\000e}{chapter.6}% 19
\BOOKMARK [2][-]{subsection.6.1.1}{\376\377\0006\000.\0001\000.\0001\000\040\000M\000e\000m\000b\000e\000r\000\040\000F\000u\000n\000c\000t\000i\000o\000n\000\040\000D\000o\000c\000u\000m\000e\000n\000t\000a\000t\000i\000o\000n}{section.6.1}% 20
\BOOKMARK [3][-]{subsubsection.6.1.1.1}{\376\377\0006\000.\0001\000.\0001\000.\0001\000\040\000A\000d\000d\000G\000a\000m\000e\000T\000o\000F\000a\000v\000o\000r\000i\000t\000e\000\050\000\051}{subsection.6.1.1}% 21
\BOOKMARK [3][-]{subsubsection.6.1.1.2}{\376\377\0006\000.\0001\000.\0001\000.\0002\000\040\000A\000d\000d\000O\000n\000e\000M\000i\000n\000u\000t\000e\000T\000o\000G\000a\000m\000e\000\050\000\051}{subsection.6.1.1}% 22
\BOOKMARK [3][-]{subsubsection.6.1.1.3}{\376\377\0006\000.\0001\000.\0001\000.\0003\000\040\000C\000a\000l\000l\000A\000l\000l\000C\000a\000t\000e\000g\000o\000r\000i\000e\000s\000\050\000\051}{subsection.6.1.1}% 23
\BOOKMARK [3][-]{subsubsection.6.1.1.4}{\376\377\0006\000.\0001\000.\0001\000.\0004\000\040\000C\000a\000l\000l\000A\000l\000l\000G\000a\000m\000e\000s\000\050\000\051}{subsection.6.1.1}% 24
\BOOKMARK [3][-]{subsubsection.6.1.1.5}{\376\377\0006\000.\0001\000.\0001\000.\0005\000\040\000C\000a\000l\000l\000C\000o\000n\000s\000o\000l\000e\000N\000a\000m\000e\000G\000a\000m\000e\000\050\000\051}{subsection.6.1.1}% 25
\BOOKMARK [3][-]{subsubsection.6.1.1.6}{\376\377\0006\000.\0001\000.\0001\000.\0006\000\040\000C\000a\000l\000l\000F\000i\000l\000e\000N\000a\000m\000e\000G\000a\000m\000e\000\050\000\051}{subsection.6.1.1}% 26
\BOOKMARK [3][-]{subsubsection.6.1.1.7}{\376\377\0006\000.\0001\000.\0001\000.\0007\000\040\000C\000a\000l\000l\000F\000o\000l\000d\000e\000r\000N\000a\000m\000e\000G\000a\000m\000e\000\050\000\051}{subsection.6.1.1}% 27
\BOOKMARK [3][-]{subsubsection.6.1.1.8}{\376\377\0006\000.\0001\000.\0001\000.\0008\000\040\000C\000a\000l\000l\000G\000a\000m\000e\000s\000F\000r\000o\000m\000C\000a\000t\000e\000g\000o\000r\000y\000\050\000\051}{subsection.6.1.1}% 28
\BOOKMARK [3][-]{subsubsection.6.1.1.9}{\376\377\0006\000.\0001\000.\0001\000.\0009\000\040\000C\000a\000l\000l\000L\000o\000g\000i\000n\000\050\000\051}{subsection.6.1.1}% 29
\BOOKMARK [3][-]{subsubsection.6.1.1.10}{\376\377\0006\000.\0001\000.\0001\000.\0001\0000\000\040\000C\000a\000l\000l\000L\000o\000g\000i\000n\000T\000o\000k\000e\000n\000\050\000\051}{subsection.6.1.1}% 30
\BOOKMARK [3][-]{subsubsection.6.1.1.11}{\376\377\0006\000.\0001\000.\0001\000.\0001\0001\000\040\000C\000a\000l\000l\000O\000n\000e\000G\000a\000m\000e\000\050\000\051}{subsection.6.1.1}% 31
\BOOKMARK [3][-]{subsubsection.6.1.1.12}{\376\377\0006\000.\0001\000.\0001\000.\0001\0002\000\040\000C\000a\000l\000l\000T\000i\000m\000e\000I\000n\000G\000a\000m\000e\000U\000s\000e\000r\000\050\000\051}{subsection.6.1.1}% 32
\BOOKMARK [3][-]{subsubsection.6.1.1.13}{\376\377\0006\000.\0001\000.\0001\000.\0001\0003\000\040\000C\000a\000l\000l\000U\000s\000e\000r\000F\000a\000v\000o\000r\000i\000t\000e\000G\000a\000m\000e\000s\000\050\000\051}{subsection.6.1.1}% 33
\BOOKMARK [3][-]{subsubsection.6.1.1.14}{\376\377\0006\000.\0001\000.\0001\000.\0001\0004\000\040\000C\000h\000e\000c\000k\000I\000f\000G\000a\000m\000e\000I\000s\000I\000n\000F\000a\000v\000o\000r\000i\000t\000e\000\050\000\051}{subsection.6.1.1}% 34
\BOOKMARK [3][-]{subsubsection.6.1.1.15}{\376\377\0006\000.\0001\000.\0001\000.\0001\0005\000\040\000R\000e\000m\000o\000v\000e\000G\000a\000m\000e\000F\000r\000o\000m\000F\000a\000v\000o\000r\000i\000t\000e\000\050\000\051}{subsection.6.1.1}% 35
\BOOKMARK [3][-]{subsubsection.6.1.1.16}{\376\377\0006\000.\0001\000.\0001\000.\0001\0006\000\040\000U\000p\000l\000o\000a\000d\000S\000a\000v\000e\000\050\000\051}{subsection.6.1.1}% 36
\BOOKMARK [1][-]{section.6.2}{\376\377\0006\000.\0002\000\040\000C\000a\000i\000m\000a\000n\000.\000m\000o\000d\000e\000l\000s\000.\000C\000a\000t\000e\000g\000o\000r\000y\000\040\000C\000l\000a\000s\000s\000\040\000R\000e\000f\000e\000r\000e\000n\000c\000e}{chapter.6}% 37
\BOOKMARK [1][-]{section.6.3}{\376\377\0006\000.\0003\000\040\000C\000a\000i\000m\000a\000n\000.\000l\000o\000g\000i\000q\000u\000e\000.\000C\000o\000n\000f\000i\000g\000F\000i\000l\000e\000E\000d\000i\000t\000o\000r\000\040\000C\000l\000a\000s\000s\000\040\000R\000e\000f\000e\000r\000e\000n\000c\000e}{chapter.6}% 38
\BOOKMARK [2][-]{subsection.6.3.1}{\376\377\0006\000.\0003\000.\0001\000\040\000M\000e\000m\000b\000e\000r\000\040\000F\000u\000n\000c\000t\000i\000o\000n\000\040\000D\000o\000c\000u\000m\000e\000n\000t\000a\000t\000i\000o\000n}{section.6.3}% 39
\BOOKMARK [3][-]{subsubsection.6.3.1.1}{\376\377\0006\000.\0003\000.\0001\000.\0001\000\040\000A\000d\000d\000V\000a\000l\000u\000e\000\050\000\051}{subsection.6.3.1}% 40
\BOOKMARK [3][-]{subsubsection.6.3.1.2}{\376\377\0006\000.\0003\000.\0001\000.\0002\000\040\000D\000e\000l\000e\000t\000e\000V\000a\000l\000u\000e\000\050\000\051}{subsection.6.3.1}% 41
\BOOKMARK [3][-]{subsubsection.6.3.1.3}{\376\377\0006\000.\0003\000.\0001\000.\0003\000\040\000G\000e\000t\000A\000l\000l\000V\000a\000l\000u\000e\000I\000n\000L\000i\000s\000t\000\050\000\051}{subsection.6.3.1}% 42
\BOOKMARK [3][-]{subsubsection.6.3.1.4}{\376\377\0006\000.\0003\000.\0001\000.\0004\000\040\000R\000e\000a\000d\000P\000r\000o\000p\000e\000r\000t\000i\000e\000s\000\050\000\051}{subsection.6.3.1}% 43
\BOOKMARK [3][-]{subsubsection.6.3.1.5}{\376\377\0006\000.\0003\000.\0001\000.\0005\000\040\000U\000p\000d\000a\000t\000e\000P\000r\000o\000p\000e\000r\000t\000i\000e\000s\000\050\000\051}{subsection.6.3.1}% 44
\BOOKMARK [2][-]{subsection.6.3.2}{\376\377\0006\000.\0003\000.\0002\000\040\000P\000r\000o\000p\000e\000r\000t\000y\000\040\000D\000o\000c\000u\000m\000e\000n\000t\000a\000t\000i\000o\000n}{section.6.3}% 45
\BOOKMARK [3][-]{subsubsection.6.3.2.1}{\376\377\0006\000.\0003\000.\0002\000.\0001\000\040\000f\000u\000l\000l\000P\000a\000t\000h}{subsection.6.3.2}% 46
\BOOKMARK [1][-]{section.6.4}{\376\377\0006\000.\0004\000\040\000C\000a\000i\000m\000a\000n\000.\000i\000n\000t\000e\000r\000f\000a\000c\000e\000G\000.\000u\000s\000e\000r\000c\000o\000n\000t\000r\000o\000l\000.\000C\000o\000n\000f\000i\000g\000u\000r\000a\000t\000i\000o\000n\000M\000e\000n\000u\000X\000b\000o\000x\000\040\000C\000l\000a\000s\000s\000\040\000R\000e\000f\000e\000r\000e\000n\000c\000e}{chapter.6}% 47
\BOOKMARK [2][-]{subsection.6.4.1}{\376\377\0006\000.\0004\000.\0001\000\040\000C\000o\000n\000s\000t\000r\000u\000c\000t\000o\000r\000\040\000\046\000\040\000D\000e\000s\000t\000r\000u\000c\000t\000o\000r\000\040\000D\000o\000c\000u\000m\000e\000n\000t\000a\000t\000i\000o\000n}{section.6.4}% 48
\BOOKMARK [3][-]{subsubsection.6.4.1.1}{\376\377\0006\000.\0004\000.\0001\000.\0001\000\040\000C\000o\000n\000f\000i\000g\000u\000r\000a\000t\000i\000o\000n\000M\000e\000n\000u\000X\000b\000o\000x\000\050\000\051}{subsection.6.4.1}% 49
\BOOKMARK [2][-]{subsection.6.4.2}{\376\377\0006\000.\0004\000.\0002\000\040\000M\000e\000m\000b\000e\000r\000\040\000F\000u\000n\000c\000t\000i\000o\000n\000\040\000D\000o\000c\000u\000m\000e\000n\000t\000a\000t\000i\000o\000n}{section.6.4}% 50
\BOOKMARK [3][-]{subsubsection.6.4.2.1}{\376\377\0006\000.\0004\000.\0002\000.\0001\000\040\000C\000r\000e\000a\000t\000e\000N\000a\000v\000B\000u\000t\000t\000o\000n\000\050\000\051}{subsection.6.4.2}% 51
\BOOKMARK [1][-]{section.6.5}{\376\377\0006\000.\0005\000\040\000C\000a\000i\000m\000a\000n\000.\000m\000o\000d\000e\000l\000s\000.\000C\000o\000n\000s\000o\000l\000e\000M\000o\000d\000e\000l\000\040\000C\000l\000a\000s\000s\000\040\000R\000e\000f\000e\000r\000e\000n\000c\000e}{chapter.6}% 52
\BOOKMARK [1][-]{section.6.6}{\376\377\0006\000.\0006\000\040\000C\000a\000i\000m\000a\000n\000.\000i\000n\000t\000e\000r\000f\000a\000c\000e\000G\000.\000C\000o\000n\000t\000e\000x\000t\000I\000n\000f\000o\000r\000m\000a\000t\000i\000o\000n\000s\000\040\000C\000l\000a\000s\000s\000\040\000R\000e\000f\000e\000r\000e\000n\000c\000e}{chapter.6}% 53
\BOOKMARK [2][-]{subsection.6.6.1}{\376\377\0006\000.\0006\000.\0001\000\040\000C\000o\000n\000s\000t\000r\000u\000c\000t\000o\000r\000\040\000\046\000\040\000D\000e\000s\000t\000r\000u\000c\000t\000o\000r\000\040\000D\000o\000c\000u\000m\000e\000n\000t\000a\000t\000i\000o\000n}{section.6.6}% 54
\BOOKMARK [3][-]{subsubsection.6.6.1.1}{\376\377\0006\000.\0006\000.\0001\000.\0001\000\040\000C\000o\000n\000t\000e\000x\000t\000I\000n\000f\000o\000r\000m\000a\000t\000i\000o\000n\000s\000\050\000\051\000\040\000[\0001\000/\0002\000]}{subsection.6.6.1}% 55
\BOOKMARK [3][-]{subsubsection.6.6.1.2}{\376\377\0006\000.\0006\000.\0001\000.\0002\000\040\000C\000o\000n\000t\000e\000x\000t\000I\000n\000f\000o\000r\000m\000a\000t\000i\000o\000n\000s\000\050\000\051\000\040\000[\0002\000/\0002\000]}{subsection.6.6.1}% 56
\BOOKMARK [1][-]{section.6.7}{\376\377\0006\000.\0007\000\040\000C\000a\000i\000m\000a\000n\000.\000l\000o\000g\000i\000q\000u\000e\000.\000D\000o\000l\000p\000h\000i\000n\000\040\000C\000l\000a\000s\000s\000\040\000R\000e\000f\000e\000r\000e\000n\000c\000e}{chapter.6}% 57
\BOOKMARK [2][-]{subsection.6.7.1}{\376\377\0006\000.\0007\000.\0001\000\040\000C\000o\000n\000s\000t\000r\000u\000c\000t\000o\000r\000\040\000\046\000\040\000D\000e\000s\000t\000r\000u\000c\000t\000o\000r\000\040\000D\000o\000c\000u\000m\000e\000n\000t\000a\000t\000i\000o\000n}{section.6.7}% 58
\BOOKMARK [3][-]{subsubsection.6.7.1.1}{\376\377\0006\000.\0007\000.\0001\000.\0001\000\040\000D\000o\000l\000p\000h\000i\000n\000\050\000\051}{subsection.6.7.1}% 59
\BOOKMARK [2][-]{subsection.6.7.2}{\376\377\0006\000.\0007\000.\0002\000\040\000M\000e\000m\000b\000e\000r\000\040\000F\000u\000n\000c\000t\000i\000o\000n\000\040\000D\000o\000c\000u\000m\000e\000n\000t\000a\000t\000i\000o\000n}{section.6.7}% 60
\BOOKMARK [3][-]{subsubsection.6.7.2.1}{\376\377\0006\000.\0007\000.\0002\000.\0001\000\040\000E\000x\000e\000c\000u\000t\000e\000\050\000\051}{subsection.6.7.2}% 61
\BOOKMARK [3][-]{subsubsection.6.7.2.2}{\376\377\0006\000.\0007\000.\0002\000.\0002\000\040\000U\000p\000d\000a\000t\000e\000C\000o\000n\000f\000i\000g\000u\000r\000a\000t\000i\000o\000n\000F\000i\000l\000e\000\050\000\051}{subsection.6.7.2}% 62
\BOOKMARK [1][-]{section.6.8}{\376\377\0006\000.\0008\000\040\000C\000a\000i\000m\000a\000n\000.\000l\000o\000g\000i\000q\000u\000e\000.\000D\000o\000w\000n\000l\000o\000a\000d\000\040\000C\000l\000a\000s\000s\000\040\000R\000e\000f\000e\000r\000e\000n\000c\000e}{chapter.6}% 63
\BOOKMARK [2][-]{subsection.6.8.1}{\376\377\0006\000.\0008\000.\0001\000\040\000M\000e\000m\000b\000e\000r\000\040\000F\000u\000n\000c\000t\000i\000o\000n\000\040\000D\000o\000c\000u\000m\000e\000n\000t\000a\000t\000i\000o\000n}{section.6.8}% 64
\BOOKMARK [3][-]{subsubsection.6.8.1.1}{\376\377\0006\000.\0008\000.\0001\000.\0001\000\040\000S\000t\000a\000r\000t\000D\000o\000w\000n\000l\000o\000a\000d\000\050\000\051}{subsection.6.8.1}% 65
\BOOKMARK [1][-]{section.6.9}{\376\377\0006\000.\0009\000\040\000C\000a\000i\000m\000a\000n\000.\000i\000n\000t\000e\000r\000f\000a\000c\000e\000G\000.\000u\000s\000e\000r\000c\000o\000n\000t\000r\000o\000l\000.\000D\000o\000w\000n\000l\000o\000a\000d\000L\000i\000s\000t\000X\000b\000o\000x\000\040\000C\000l\000a\000s\000s\000\040\000R\000e\000f\000e\000r\000e\000n\000c\000e}{chapter.6}% 66
\BOOKMARK [2][-]{subsection.6.9.1}{\376\377\0006\000.\0009\000.\0001\000\040\000C\000o\000n\000s\000t\000r\000u\000c\000t\000o\000r\000\040\000\046\000\040\000D\000e\000s\000t\000r\000u\000c\000t\000o\000r\000\040\000D\000o\000c\000u\000m\000e\000n\000t\000a\000t\000i\000o\000n}{section.6.9}% 67
\BOOKMARK [3][-]{subsubsection.6.9.1.1}{\376\377\0006\000.\0009\000.\0001\000.\0001\000\040\000D\000o\000w\000n\000l\000o\000a\000d\000L\000i\000s\000t\000X\000b\000o\000x\000\050\000\051}{subsection.6.9.1}% 68
\BOOKMARK [2][-]{subsection.6.9.2}{\376\377\0006\000.\0009\000.\0002\000\040\000M\000e\000m\000b\000e\000r\000\040\000F\000u\000n\000c\000t\000i\000o\000n\000\040\000D\000o\000c\000u\000m\000e\000n\000t\000a\000t\000i\000o\000n}{section.6.9}% 69
\BOOKMARK [3][-]{subsubsection.6.9.2.1}{\376\377\0006\000.\0009\000.\0002\000.\0001\000\040\000C\000r\000e\000a\000t\000e\000L\000i\000s\000t\000D\000o\000w\000n\000l\000o\000a\000d\000\050\000\051}{subsection.6.9.2}% 70
\BOOKMARK [3][-]{subsubsection.6.9.2.2}{\376\377\0006\000.\0009\000.\0002\000.\0002\000\040\000I\000n\000i\000t\000T\000i\000m\000e\000r\000\050\000\051}{subsection.6.9.2}% 71
\BOOKMARK [3][-]{subsubsection.6.9.2.3}{\376\377\0006\000.\0009\000.\0002\000.\0003\000\040\000R\000e\000f\000r\000e\000s\000h\000D\000a\000t\000a\000\050\000\051}{subsection.6.9.2}% 72
\BOOKMARK [1][-]{section.6.10}{\376\377\0006\000.\0001\0000\000\040\000C\000a\000i\000m\000a\000n\000.\000l\000o\000g\000i\000q\000u\000e\000.\000D\000o\000w\000n\000l\000o\000a\000d\000M\000a\000n\000a\000g\000e\000r\000\040\000C\000l\000a\000s\000s\000\040\000R\000e\000f\000e\000r\000e\000n\000c\000e}{chapter.6}% 73
\BOOKMARK [2][-]{subsection.6.10.1}{\376\377\0006\000.\0001\0000\000.\0001\000\040\000M\000e\000m\000b\000e\000r\000\040\000F\000u\000n\000c\000t\000i\000o\000n\000\040\000D\000o\000c\000u\000m\000e\000n\000t\000a\000t\000i\000o\000n}{section.6.10}% 74
\BOOKMARK [3][-]{subsubsection.6.10.1.1}{\376\377\0006\000.\0001\0000\000.\0001\000.\0001\000\040\000C\000h\000e\000c\000k\000I\000f\000D\000o\000w\000n\000l\000o\000a\000d\000I\000s\000A\000c\000t\000i\000v\000e\000\050\000\051}{subsection.6.10.1}% 75
\BOOKMARK [3][-]{subsubsection.6.10.1.2}{\376\377\0006\000.\0001\0000\000.\0001\000.\0002\000\040\000C\000r\000e\000a\000t\000e\000D\000o\000w\000n\000l\000o\000a\000d\000\050\000\051}{subsection.6.10.1}% 76
\BOOKMARK [3][-]{subsubsection.6.10.1.3}{\376\377\0006\000.\0001\0000\000.\0001\000.\0003\000\040\000D\000e\000l\000e\000t\000e\000G\000a\000m\000e\000\050\000\051}{subsection.6.10.1}% 77
\BOOKMARK [3][-]{subsubsection.6.10.1.4}{\376\377\0006\000.\0001\0000\000.\0001\000.\0004\000\040\000N\000e\000x\000t\000D\000o\000w\000n\000l\000o\000a\000d\000\050\000\051}{subsection.6.10.1}% 78
\BOOKMARK [3][-]{subsubsection.6.10.1.5}{\376\377\0006\000.\0001\0000\000.\0001\000.\0005\000\040\000S\000t\000a\000r\000t\000D\000o\000w\000n\000l\000o\000a\000d\000\050\000\051}{subsection.6.10.1}% 79
\BOOKMARK [1][-]{section.6.11}{\376\377\0006\000.\0001\0001\000\040\000C\000a\000i\000m\000a\000n\000.\000l\000o\000g\000i\000q\000u\000e\000.\000D\000o\000w\000n\000l\000o\000a\000d\000S\000a\000v\000e\000\040\000C\000l\000a\000s\000s\000\040\000R\000e\000f\000e\000r\000e\000n\000c\000e}{chapter.6}% 80
\BOOKMARK [2][-]{subsection.6.11.1}{\376\377\0006\000.\0001\0001\000.\0001\000\040\000M\000e\000m\000b\000e\000r\000\040\000F\000u\000n\000c\000t\000i\000o\000n\000\040\000D\000o\000c\000u\000m\000e\000n\000t\000a\000t\000i\000o\000n}{section.6.11}% 81
\BOOKMARK [3][-]{subsubsection.6.11.1.1}{\376\377\0006\000.\0001\0001\000.\0001\000.\0001\000\040\000S\000t\000a\000r\000t\000D\000o\000w\000n\000l\000o\000a\000d\000\050\000\051}{subsection.6.11.1}% 82
\BOOKMARK [1][-]{section.6.12}{\376\377\0006\000.\0001\0002\000\040\000C\000a\000i\000m\000a\000n\000.\000l\000o\000g\000i\000q\000u\000e\000.\000D\000o\000w\000n\000l\000o\000a\000d\000S\000a\000v\000e\000M\000a\000n\000a\000g\000e\000r\000\040\000C\000l\000a\000s\000s\000\040\000R\000e\000f\000e\000r\000e\000n\000c\000e}{chapter.6}% 83
\BOOKMARK [2][-]{subsection.6.12.1}{\376\377\0006\000.\0001\0002\000.\0001\000\040\000M\000e\000m\000b\000e\000r\000\040\000F\000u\000n\000c\000t\000i\000o\000n\000\040\000D\000o\000c\000u\000m\000e\000n\000t\000a\000t\000i\000o\000n}{section.6.12}% 84
\BOOKMARK [3][-]{subsubsection.6.12.1.1}{\376\377\0006\000.\0001\0002\000.\0001\000.\0001\000\040\000C\000r\000e\000a\000t\000e\000D\000o\000w\000n\000l\000o\000a\000d\000\050\000\051}{subsection.6.12.1}% 85
\BOOKMARK [3][-]{subsubsection.6.12.1.2}{\376\377\0006\000.\0001\0002\000.\0001\000.\0002\000\040\000S\000t\000a\000r\000t\000D\000o\000w\000n\000l\000o\000a\000d\000\050\000\051}{subsection.6.12.1}% 86
\BOOKMARK [1][-]{section.6.13}{\376\377\0006\000.\0001\0003\000\040\000C\000a\000i\000m\000a\000n\000.\000l\000o\000g\000i\000q\000u\000e\000.\000E\000m\000u\000l\000a\000t\000o\000r\000\040\000C\000l\000a\000s\000s\000\040\000R\000e\000f\000e\000r\000e\000n\000c\000e}{chapter.6}% 87
\BOOKMARK [2][-]{subsection.6.13.1}{\376\377\0006\000.\0001\0003\000.\0001\000\040\000M\000e\000m\000b\000e\000r\000\040\000F\000u\000n\000c\000t\000i\000o\000n\000\040\000D\000o\000c\000u\000m\000e\000n\000t\000a\000t\000i\000o\000n}{section.6.13}% 88
\BOOKMARK [3][-]{subsubsection.6.13.1.1}{\376\377\0006\000.\0001\0003\000.\0001\000.\0001\000\040\000C\000l\000o\000s\000e\000\050\000\051}{subsection.6.13.1}% 89
\BOOKMARK [3][-]{subsubsection.6.13.1.2}{\376\377\0006\000.\0001\0003\000.\0001\000.\0002\000\040\000E\000x\000e\000c\000u\000t\000e\000\050\000\051}{subsection.6.13.1}% 90
\BOOKMARK [3][-]{subsubsection.6.13.1.3}{\376\377\0006\000.\0001\0003\000.\0001\000.\0003\000\040\000G\000e\000t\000E\000m\000u\000l\000a\000t\000o\000r\000P\000r\000o\000c\000e\000s\000s\000L\000i\000f\000e\000\050\000\051}{subsection.6.13.1}% 91
\BOOKMARK [3][-]{subsubsection.6.13.1.4}{\376\377\0006\000.\0001\0003\000.\0001\000.\0004\000\040\000S\000e\000t\000C\000o\000n\000f\000i\000g\000u\000r\000a\000t\000i\000o\000n\000\050\000\051}{subsection.6.13.1}% 92
\BOOKMARK [3][-]{subsubsection.6.13.1.5}{\376\377\0006\000.\0001\0003\000.\0001\000.\0005\000\040\000U\000p\000d\000a\000t\000e\000C\000o\000n\000f\000i\000g\000u\000r\000a\000t\000i\000o\000n\000F\000i\000l\000e\000\050\000\051}{subsection.6.13.1}% 93
\BOOKMARK [1][-]{section.6.14}{\376\377\0006\000.\0001\0004\000\040\000C\000a\000i\000m\000a\000n\000.\000l\000o\000g\000i\000q\000u\000e\000.\000E\000m\000u\000l\000a\000t\000o\000r\000s\000M\000a\000n\000a\000g\000e\000r\000\040\000C\000l\000a\000s\000s\000\040\000R\000e\000f\000e\000r\000e\000n\000c\000e}{chapter.6}% 94
\BOOKMARK [2][-]{subsection.6.14.1}{\376\377\0006\000.\0001\0004\000.\0001\000\040\000C\000o\000n\000s\000t\000r\000u\000c\000t\000o\000r\000\040\000\046\000\040\000D\000e\000s\000t\000r\000u\000c\000t\000o\000r\000\040\000D\000o\000c\000u\000m\000e\000n\000t\000a\000t\000i\000o\000n}{section.6.14}% 95
\BOOKMARK [3][-]{subsubsection.6.14.1.1}{\376\377\0006\000.\0001\0004\000.\0001\000.\0001\000\040\000E\000m\000u\000l\000a\000t\000o\000r\000s\000M\000a\000n\000a\000g\000e\000r\000\050\000\051}{subsection.6.14.1}% 96
\BOOKMARK [2][-]{subsection.6.14.2}{\376\377\0006\000.\0001\0004\000.\0002\000\040\000M\000e\000m\000b\000e\000r\000\040\000F\000u\000n\000c\000t\000i\000o\000n\000\040\000D\000o\000c\000u\000m\000e\000n\000t\000a\000t\000i\000o\000n}{section.6.14}% 97
\BOOKMARK [3][-]{subsubsection.6.14.2.1}{\376\377\0006\000.\0001\0004\000.\0002\000.\0001\000\040\000A\000p\000p\000l\000y\000F\000o\000r\000m\000a\000t\000C\000o\000n\000f\000i\000g\000u\000r\000a\000t\000i\000o\000n\000\050\000\051}{subsection.6.14.2}% 98
\BOOKMARK [3][-]{subsubsection.6.14.2.2}{\376\377\0006\000.\0001\0004\000.\0002\000.\0002\000\040\000A\000p\000p\000l\000y\000F\000u\000l\000l\000s\000c\000r\000e\000e\000n\000C\000o\000n\000f\000i\000g\000u\000r\000a\000t\000i\000o\000n\000\050\000\051}{subsection.6.14.2}% 99
\BOOKMARK [3][-]{subsubsection.6.14.2.3}{\376\377\0006\000.\0001\0004\000.\0002\000.\0003\000\040\000A\000p\000p\000l\000y\000G\000l\000o\000b\000a\000l\000C\000o\000n\000f\000i\000g\000u\000r\000a\000t\000i\000o\000n\000\050\000\051}{subsection.6.14.2}% 100
\BOOKMARK [3][-]{subsubsection.6.14.2.4}{\376\377\0006\000.\0001\0004\000.\0002\000.\0004\000\040\000C\000r\000e\000a\000t\000e\000S\000a\000v\000e\000M\000a\000n\000a\000g\000e\000r\000A\000n\000d\000S\000c\000a\000n\000\050\000\051}{subsection.6.14.2}% 101
\BOOKMARK [3][-]{subsubsection.6.14.2.5}{\376\377\0006\000.\0001\0004\000.\0002\000.\0005\000\040\000I\000n\000i\000t\000T\000i\000m\000e\000r\000\050\000\051}{subsection.6.14.2}% 102
\BOOKMARK [3][-]{subsubsection.6.14.2.6}{\376\377\0006\000.\0001\0004\000.\0002\000.\0006\000\040\000S\000c\000a\000n\000C\000o\000n\000f\000i\000g\000u\000r\000a\000t\000i\000o\000n\000\050\000\051}{subsection.6.14.2}% 103
\BOOKMARK [3][-]{subsubsection.6.14.2.7}{\376\377\0006\000.\0001\0004\000.\0002\000.\0007\000\040\000S\000t\000a\000r\000t\000G\000a\000m\000e\000\050\000\051}{subsection.6.14.2}% 104
\BOOKMARK [2][-]{subsection.6.14.3}{\376\377\0006\000.\0001\0004\000.\0003\000\040\000P\000r\000o\000p\000e\000r\000t\000y\000\040\000D\000o\000c\000u\000m\000e\000n\000t\000a\000t\000i\000o\000n}{section.6.14}% 105
\BOOKMARK [3][-]{subsubsection.6.14.3.1}{\376\377\0006\000.\0001\0004\000.\0003\000.\0001\000\040\000E\000m\000u\000l\000a\000t\000o\000r\000S\000t\000a\000t\000e}{subsection.6.14.3}% 106
\BOOKMARK [1][-]{section.6.15}{\376\377\0006\000.\0001\0005\000\040\000C\000a\000i\000m\000a\000n\000.\000m\000o\000d\000e\000l\000s\000.\000F\000i\000l\000e\000M\000o\000d\000e\000l\000\040\000C\000l\000a\000s\000s\000\040\000R\000e\000f\000e\000r\000e\000n\000c\000e}{chapter.6}% 107
\BOOKMARK [1][-]{section.6.16}{\376\377\0006\000.\0001\0006\000\040\000C\000a\000i\000m\000a\000n\000.\000m\000o\000d\000e\000l\000s\000.\000G\000a\000m\000e\000\040\000C\000l\000a\000s\000s\000\040\000R\000e\000f\000e\000r\000e\000n\000c\000e}{chapter.6}% 108
\BOOKMARK [1][-]{section.6.17}{\376\377\0006\000.\0001\0007\000\040\000C\000a\000i\000m\000a\000n\000.\000i\000n\000t\000e\000r\000f\000a\000c\000e\000G\000.\000u\000s\000e\000r\000c\000o\000n\000t\000r\000o\000l\000.\000G\000a\000m\000e\000D\000e\000t\000a\000i\000l\000s\000X\000b\000o\000x\000\040\000C\000l\000a\000s\000s\000\040\000R\000e\000f\000e\000r\000e\000n\000c\000e}{chapter.6}% 109
\BOOKMARK [2][-]{subsection.6.17.1}{\376\377\0006\000.\0001\0007\000.\0001\000\040\000C\000o\000n\000s\000t\000r\000u\000c\000t\000o\000r\000\040\000\046\000\040\000D\000e\000s\000t\000r\000u\000c\000t\000o\000r\000\040\000D\000o\000c\000u\000m\000e\000n\000t\000a\000t\000i\000o\000n}{section.6.17}% 110
\BOOKMARK [3][-]{subsubsection.6.17.1.1}{\376\377\0006\000.\0001\0007\000.\0001\000.\0001\000\040\000G\000a\000m\000e\000D\000e\000t\000a\000i\000l\000s\000X\000b\000o\000x\000\050\000\051}{subsection.6.17.1}% 111
\BOOKMARK [2][-]{subsection.6.17.2}{\376\377\0006\000.\0001\0007\000.\0002\000\040\000M\000e\000m\000b\000e\000r\000\040\000F\000u\000n\000c\000t\000i\000o\000n\000\040\000D\000o\000c\000u\000m\000e\000n\000t\000a\000t\000i\000o\000n}{section.6.17}% 112
\BOOKMARK [3][-]{subsubsection.6.17.2.1}{\376\377\0006\000.\0001\0007\000.\0002\000.\0001\000\040\000C\000r\000e\000a\000t\000e\000V\000i\000e\000w\000G\000a\000m\000e\000\050\000\051}{subsection.6.17.2}% 113
\BOOKMARK [3][-]{subsubsection.6.17.2.2}{\376\377\0006\000.\0001\0007\000.\0002\000.\0002\000\040\000L\000o\000a\000d\000G\000a\000m\000e\000D\000e\000t\000a\000i\000l\000\050\000\051}{subsection.6.17.2}% 114
\BOOKMARK [1][-]{section.6.18}{\376\377\0006\000.\0001\0008\000\040\000C\000a\000i\000m\000a\000n\000.\000l\000o\000g\000i\000q\000u\000e\000.\000G\000a\000m\000e\000T\000i\000m\000e\000r\000\040\000C\000l\000a\000s\000s\000\040\000R\000e\000f\000e\000r\000e\000n\000c\000e}{chapter.6}% 115
\BOOKMARK [2][-]{subsection.6.18.1}{\376\377\0006\000.\0001\0008\000.\0001\000\040\000M\000e\000m\000b\000e\000r\000\040\000F\000u\000n\000c\000t\000i\000o\000n\000\040\000D\000o\000c\000u\000m\000e\000n\000t\000a\000t\000i\000o\000n}{section.6.18}% 116
\BOOKMARK [3][-]{subsubsection.6.18.1.1}{\376\377\0006\000.\0001\0008\000.\0001\000.\0001\000\040\000I\000n\000i\000t\000T\000i\000m\000e\000r\000\050\000\051}{subsection.6.18.1}% 117
\BOOKMARK [3][-]{subsubsection.6.18.1.2}{\376\377\0006\000.\0001\0008\000.\0001\000.\0002\000\040\000T\000o\000S\000t\000r\000i\000n\000g\000\050\000\051}{subsection.6.18.1}% 118
\BOOKMARK [3][-]{subsubsection.6.18.1.3}{\376\377\0006\000.\0001\0008\000.\0001\000.\0003\000\040\000U\000p\000d\000a\000t\000e\000T\000i\000m\000e\000r\000\050\000\051}{subsection.6.18.1}% 119
\BOOKMARK [1][-]{section.6.19}{\376\377\0006\000.\0001\0009\000\040\000C\000a\000i\000m\000a\000n\000.\000i\000n\000t\000e\000r\000f\000a\000c\000e\000G\000.\000u\000s\000e\000r\000c\000o\000n\000t\000r\000o\000l\000.\000L\000i\000s\000t\000G\000a\000m\000e\000X\000b\000o\000x\000\040\000C\000l\000a\000s\000s\000\040\000R\000e\000f\000e\000r\000e\000n\000c\000e}{chapter.6}% 120
\BOOKMARK [2][-]{subsection.6.19.1}{\376\377\0006\000.\0001\0009\000.\0001\000\040\000C\000o\000n\000s\000t\000r\000u\000c\000t\000o\000r\000\040\000\046\000\040\000D\000e\000s\000t\000r\000u\000c\000t\000o\000r\000\040\000D\000o\000c\000u\000m\000e\000n\000t\000a\000t\000i\000o\000n}{section.6.19}% 121
\BOOKMARK [3][-]{subsubsection.6.19.1.1}{\376\377\0006\000.\0001\0009\000.\0001\000.\0001\000\040\000L\000i\000s\000t\000G\000a\000m\000e\000X\000b\000o\000x\000\050\000\051}{subsection.6.19.1}% 122
\BOOKMARK [2][-]{subsection.6.19.2}{\376\377\0006\000.\0001\0009\000.\0002\000\040\000M\000e\000m\000b\000e\000r\000\040\000F\000u\000n\000c\000t\000i\000o\000n\000\040\000D\000o\000c\000u\000m\000e\000n\000t\000a\000t\000i\000o\000n}{section.6.19}% 123
\BOOKMARK [3][-]{subsubsection.6.19.2.1}{\376\377\0006\000.\0001\0009\000.\0002\000.\0001\000\040\000C\000r\000e\000a\000t\000e\000L\000i\000s\000t\000G\000a\000m\000e\000s\000\050\000\051}{subsection.6.19.2}% 124
\BOOKMARK [1][-]{section.6.20}{\376\377\0006\000.\0002\0000\000\040\000C\000a\000i\000m\000a\000n\000.\000i\000n\000t\000e\000r\000f\000a\000c\000e\000G\000.\000u\000s\000e\000r\000c\000o\000n\000t\000r\000o\000l\000.\000L\000o\000g\000i\000n\000C\000o\000n\000t\000r\000o\000l\000X\000b\000o\000x\000\040\000C\000l\000a\000s\000s\000\040\000R\000e\000f\000e\000r\000e\000n\000c\000e}{chapter.6}% 125
\BOOKMARK [2][-]{subsection.6.20.1}{\376\377\0006\000.\0002\0000\000.\0001\000\040\000C\000o\000n\000s\000t\000r\000u\000c\000t\000o\000r\000\040\000\046\000\040\000D\000e\000s\000t\000r\000u\000c\000t\000o\000r\000\040\000D\000o\000c\000u\000m\000e\000n\000t\000a\000t\000i\000o\000n}{section.6.20}% 126
\BOOKMARK [3][-]{subsubsection.6.20.1.1}{\376\377\0006\000.\0002\0000\000.\0001\000.\0001\000\040\000L\000o\000g\000i\000n\000C\000o\000n\000t\000r\000o\000l\000X\000b\000o\000x\000\050\000\051}{subsection.6.20.1}% 127
\BOOKMARK [2][-]{subsection.6.20.2}{\376\377\0006\000.\0002\0000\000.\0002\000\040\000M\000e\000m\000b\000e\000r\000\040\000F\000u\000n\000c\000t\000i\000o\000n\000\040\000D\000o\000c\000u\000m\000e\000n\000t\000a\000t\000i\000o\000n}{section.6.20}% 128
\BOOKMARK [3][-]{subsubsection.6.20.2.1}{\376\377\0006\000.\0002\0000\000.\0002\000.\0001\000\040\000C\000r\000e\000a\000t\000e\000L\000o\000g\000i\000n\000F\000o\000r\000m\000\050\000\051}{subsection.6.20.2}% 129
\BOOKMARK [1][-]{section.6.21}{\376\377\0006\000.\0002\0001\000\040\000C\000a\000i\000m\000a\000n\000.\000i\000n\000t\000e\000r\000f\000a\000c\000e\000G\000.\000u\000s\000e\000r\000c\000o\000n\000t\000r\000o\000l\000.\000N\000a\000v\000b\000a\000r\000X\000b\000o\000x\000\040\000C\000l\000a\000s\000s\000\040\000R\000e\000f\000e\000r\000e\000n\000c\000e}{chapter.6}% 130
\BOOKMARK [2][-]{subsection.6.21.1}{\376\377\0006\000.\0002\0001\000.\0001\000\040\000M\000e\000m\000b\000e\000r\000\040\000F\000u\000n\000c\000t\000i\000o\000n\000\040\000D\000o\000c\000u\000m\000e\000n\000t\000a\000t\000i\000o\000n}{section.6.21}% 131
\BOOKMARK [3][-]{subsubsection.6.21.1.1}{\376\377\0006\000.\0002\0001\000.\0001\000.\0001\000\040\000C\000r\000e\000a\000t\000e\000N\000a\000v\000B\000u\000t\000t\000o\000n\000\050\000\051}{subsection.6.21.1}% 132
\BOOKMARK [3][-]{subsubsection.6.21.1.2}{\376\377\0006\000.\0002\0001\000.\0001\000.\0002\000\040\000I\000n\000i\000t\000T\000i\000m\000e\000r\000\050\000\051}{subsection.6.21.1}% 133
\BOOKMARK [1][-]{section.6.22}{\376\377\0006\000.\0002\0002\000\040\000C\000a\000i\000m\000a\000n\000.\000l\000o\000g\000i\000q\000u\000e\000.\000P\000C\000S\000X\0002\000\040\000C\000l\000a\000s\000s\000\040\000R\000e\000f\000e\000r\000e\000n\000c\000e}{chapter.6}% 134
\BOOKMARK [2][-]{subsection.6.22.1}{\376\377\0006\000.\0002\0002\000.\0001\000\040\000C\000o\000n\000s\000t\000r\000u\000c\000t\000o\000r\000\040\000\046\000\040\000D\000e\000s\000t\000r\000u\000c\000t\000o\000r\000\040\000D\000o\000c\000u\000m\000e\000n\000t\000a\000t\000i\000o\000n}{section.6.22}% 135
\BOOKMARK [3][-]{subsubsection.6.22.1.1}{\376\377\0006\000.\0002\0002\000.\0001\000.\0001\000\040\000P\000C\000S\000X\0002\000\050\000\051}{subsection.6.22.1}% 136
\BOOKMARK [2][-]{subsection.6.22.2}{\376\377\0006\000.\0002\0002\000.\0002\000\040\000M\000e\000m\000b\000e\000r\000\040\000F\000u\000n\000c\000t\000i\000o\000n\000\040\000D\000o\000c\000u\000m\000e\000n\000t\000a\000t\000i\000o\000n}{section.6.22}% 137
\BOOKMARK [3][-]{subsubsection.6.22.2.1}{\376\377\0006\000.\0002\0002\000.\0002\000.\0001\000\040\000E\000x\000e\000c\000u\000t\000e\000\050\000\051}{subsection.6.22.2}% 138
\BOOKMARK [3][-]{subsubsection.6.22.2.2}{\376\377\0006\000.\0002\0002\000.\0002\000.\0002\000\040\000U\000p\000d\000a\000t\000e\000C\000o\000n\000f\000i\000g\000u\000r\000a\000t\000i\000o\000n\000F\000i\000l\000e\000\050\000\051}{subsection.6.22.2}% 139
\BOOKMARK [1][-]{section.6.23}{\376\377\0006\000.\0002\0003\000\040\000C\000a\000i\000m\000a\000n\000.\000i\000n\000t\000e\000r\000f\000a\000c\000e\000G\000.\000u\000s\000e\000r\000c\000o\000n\000t\000r\000o\000l\000.\000Q\000u\000i\000t\000M\000e\000n\000u\000X\000b\000o\000x\000\040\000C\000l\000a\000s\000s\000\040\000R\000e\000f\000e\000r\000e\000n\000c\000e}{chapter.6}% 140
\BOOKMARK [2][-]{subsection.6.23.1}{\376\377\0006\000.\0002\0003\000.\0001\000\040\000C\000o\000n\000s\000t\000r\000u\000c\000t\000o\000r\000\040\000\046\000\040\000D\000e\000s\000t\000r\000u\000c\000t\000o\000r\000\040\000D\000o\000c\000u\000m\000e\000n\000t\000a\000t\000i\000o\000n}{section.6.23}% 141
\BOOKMARK [3][-]{subsubsection.6.23.1.1}{\376\377\0006\000.\0002\0003\000.\0001\000.\0001\000\040\000Q\000u\000i\000t\000M\000e\000n\000u\000X\000b\000o\000x\000\050\000\051}{subsection.6.23.1}% 142
\BOOKMARK [2][-]{subsection.6.23.2}{\376\377\0006\000.\0002\0003\000.\0002\000\040\000M\000e\000m\000b\000e\000r\000\040\000F\000u\000n\000c\000t\000i\000o\000n\000\040\000D\000o\000c\000u\000m\000e\000n\000t\000a\000t\000i\000o\000n}{section.6.23}% 143
\BOOKMARK [3][-]{subsubsection.6.23.2.1}{\376\377\0006\000.\0002\0003\000.\0002\000.\0001\000\040\000C\000r\000e\000a\000t\000e\000N\000a\000v\000B\000u\000t\000t\000o\000n\000\050\000\051}{subsection.6.23.2}% 144
\BOOKMARK [1][-]{section.6.24}{\376\377\0006\000.\0002\0004\000\040\000C\000a\000i\000m\000a\000n\000.\000d\000a\000t\000a\000b\000a\000s\000e\000.\000C\000a\000l\000l\000A\000P\000I\000.\000R\000o\000o\000t\000O\000b\000j\000e\000c\000t\000\040\000C\000l\000a\000s\000s\000\040\000R\000e\000f\000e\000r\000e\000n\000c\000e}{chapter.6}% 145
\BOOKMARK [2][-]{subsection.6.24.1}{\376\377\0006\000.\0002\0004\000.\0001\000\040\000D\000e\000t\000a\000i\000l\000e\000d\000\040\000D\000e\000s\000c\000r\000i\000p\000t\000i\000o\000n}{section.6.24}% 146
\BOOKMARK [1][-]{section.6.25}{\376\377\0006\000.\0002\0005\000\040\000C\000a\000i\000m\000a\000n\000.\000l\000o\000g\000i\000q\000u\000e\000.\000S\000a\000v\000e\000M\000a\000n\000a\000g\000e\000r\000\040\000C\000l\000a\000s\000s\000\040\000R\000e\000f\000e\000r\000e\000n\000c\000e}{chapter.6}% 147
\BOOKMARK [2][-]{subsection.6.25.1}{\376\377\0006\000.\0002\0005\000.\0001\000\040\000M\000e\000m\000b\000e\000r\000\040\000F\000u\000n\000c\000t\000i\000o\000n\000\040\000D\000o\000c\000u\000m\000e\000n\000t\000a\000t\000i\000o\000n}{section.6.25}% 148
\BOOKMARK [3][-]{subsubsection.6.25.1.1}{\376\377\0006\000.\0002\0005\000.\0001\000.\0001\000\040\000M\000o\000v\000e\000A\000l\000l\000F\000i\000l\000e\000T\000o\000U\000s\000e\000r\000F\000o\000l\000d\000e\000r\000\050\000\051}{subsection.6.25.1}% 149
\BOOKMARK [3][-]{subsubsection.6.25.1.2}{\376\377\0006\000.\0002\0005\000.\0001\000.\0002\000\040\000M\000o\000v\000e\000F\000i\000l\000e\000T\000o\000U\000s\000e\000r\000F\000o\000l\000d\000e\000r\000\050\000\051}{subsection.6.25.1}% 150
\BOOKMARK [3][-]{subsubsection.6.25.1.3}{\376\377\0006\000.\0002\0005\000.\0001\000.\0003\000\040\000M\000o\000v\000e\000S\000a\000v\000e\000F\000i\000l\000e\000F\000r\000o\000m\000U\000s\000e\000r\000F\000o\000l\000d\000e\000r\000T\000o\000E\000m\000u\000l\000a\000t\000o\000r\000S\000a\000v\000e\000F\000o\000l\000d\000e\000r\000\050\000\051}{subsection.6.25.1}% 151
\BOOKMARK [3][-]{subsubsection.6.25.1.4}{\376\377\0006\000.\0002\0005\000.\0001\000.\0004\000\040\000S\000c\000a\000n\000F\000o\000l\000d\000e\000r\000\050\000\051}{subsection.6.25.1}% 152
\BOOKMARK [3][-]{subsubsection.6.25.1.5}{\376\377\0006\000.\0002\0005\000.\0001\000.\0005\000\040\000U\000p\000l\000o\000a\000d\000S\000a\000v\000e\000\050\000\051}{subsection.6.25.1}% 153
\BOOKMARK [1][-]{section.6.26}{\376\377\0006\000.\0002\0006\000\040\000C\000a\000i\000m\000a\000n\000.\000i\000n\000t\000e\000r\000f\000a\000c\000e\000G\000.\000u\000s\000e\000r\000c\000o\000n\000t\000r\000o\000l\000.\000S\000i\000d\000e\000B\000a\000r\000X\000b\000o\000x\000\040\000C\000l\000a\000s\000s\000\040\000R\000e\000f\000e\000r\000e\000n\000c\000e}{chapter.6}% 154
\BOOKMARK [2][-]{subsection.6.26.1}{\376\377\0006\000.\0002\0006\000.\0001\000\040\000C\000o\000n\000s\000t\000r\000u\000c\000t\000o\000r\000\040\000\046\000\040\000D\000e\000s\000t\000r\000u\000c\000t\000o\000r\000\040\000D\000o\000c\000u\000m\000e\000n\000t\000a\000t\000i\000o\000n}{section.6.26}% 155
\BOOKMARK [3][-]{subsubsection.6.26.1.1}{\376\377\0006\000.\0002\0006\000.\0001\000.\0001\000\040\000S\000i\000d\000e\000B\000a\000r\000X\000b\000o\000x\000\050\000\051}{subsection.6.26.1}% 156
\BOOKMARK [2][-]{subsection.6.26.2}{\376\377\0006\000.\0002\0006\000.\0002\000\040\000M\000e\000m\000b\000e\000r\000\040\000F\000u\000n\000c\000t\000i\000o\000n\000\040\000D\000o\000c\000u\000m\000e\000n\000t\000a\000t\000i\000o\000n}{section.6.26}% 157
\BOOKMARK [3][-]{subsubsection.6.26.2.1}{\376\377\0006\000.\0002\0006\000.\0002\000.\0001\000\040\000C\000r\000e\000a\000t\000e\000L\000i\000s\000t\000N\000a\000v\000B\000u\000t\000t\000o\000n\000\050\000\051}{subsection.6.26.2}% 158
\BOOKMARK [1][-]{section.6.27}{\376\377\0006\000.\0002\0007\000\040\000C\000a\000i\000m\000a\000n\000.\000m\000o\000d\000e\000l\000s\000.\000T\000i\000m\000e\000I\000n\000G\000a\000m\000e\000\040\000C\000l\000a\000s\000s\000\040\000R\000e\000f\000e\000r\000e\000n\000c\000e}{chapter.6}% 159
\BOOKMARK [1][-]{section.6.28}{\376\377\0006\000.\0002\0008\000\040\000C\000a\000i\000m\000a\000n\000.\000m\000o\000d\000e\000l\000s\000.\000U\000s\000e\000r\000\040\000C\000l\000a\000s\000s\000\040\000R\000e\000f\000e\000r\000e\000n\000c\000e}{chapter.6}% 160
\BOOKMARK [2][-]{subsection.6.28.1}{\376\377\0006\000.\0002\0008\000.\0001\000\040\000M\000e\000m\000b\000e\000r\000\040\000F\000u\000n\000c\000t\000i\000o\000n\000\040\000D\000o\000c\000u\000m\000e\000n\000t\000a\000t\000i\000o\000n}{section.6.28}% 161
\BOOKMARK [3][-]{subsubsection.6.28.1.1}{\376\377\0006\000.\0002\0008\000.\0001\000.\0001\000\040\000C\000r\000e\000a\000t\000e\000S\000a\000v\000e\000M\000a\000n\000a\000g\000e\000r\000s\000\050\000\051}{subsection.6.28.1}% 162
\BOOKMARK [3][-]{subsubsection.6.28.1.2}{\376\377\0006\000.\0002\0008\000.\0001\000.\0002\000\040\000C\000r\000e\000a\000t\000e\000U\000s\000e\000r\000F\000o\000l\000d\000e\000r\000\050\000\051}{subsection.6.28.1}% 163
\BOOKMARK [3][-]{subsubsection.6.28.1.3}{\376\377\0006\000.\0002\0008\000.\0001\000.\0003\000\040\000I\000n\000i\000t\000T\000i\000m\000e\000r\000\050\000\051}{subsection.6.28.1}% 164
\BOOKMARK [3][-]{subsubsection.6.28.1.4}{\376\377\0006\000.\0002\0008\000.\0001\000.\0004\000\040\000L\000o\000g\000i\000n\000\050\000\051}{subsection.6.28.1}% 165
\BOOKMARK [3][-]{subsubsection.6.28.1.5}{\376\377\0006\000.\0002\0008\000.\0001\000.\0005\000\040\000M\000o\000v\000e\000F\000i\000l\000e\000F\000r\000o\000m\000U\000s\000e\000r\000F\000o\000l\000d\000e\000r\000T\000o\000E\000m\000u\000l\000a\000t\000o\000r\000F\000o\000l\000d\000e\000r\000\050\000\051}{subsection.6.28.1}% 166
\BOOKMARK [1][-]{section.6.29}{\376\377\0006\000.\0002\0009\000\040\000C\000a\000i\000m\000a\000n\000.\000i\000n\000t\000e\000r\000f\000a\000c\000e\000G\000.\000u\000s\000e\000r\000c\000o\000n\000t\000r\000o\000l\000.\000X\000b\000o\000x\000B\000u\000t\000t\000o\000n\000\040\000C\000l\000a\000s\000s\000\040\000R\000e\000f\000e\000r\000e\000n\000c\000e}{chapter.6}% 167
\BOOKMARK [2][-]{subsection.6.29.1}{\376\377\0006\000.\0002\0009\000.\0001\000\040\000C\000o\000n\000s\000t\000r\000u\000c\000t\000o\000r\000\040\000\046\000\040\000D\000e\000s\000t\000r\000u\000c\000t\000o\000r\000\040\000D\000o\000c\000u\000m\000e\000n\000t\000a\000t\000i\000o\000n}{section.6.29}% 168
\BOOKMARK [3][-]{subsubsection.6.29.1.1}{\376\377\0006\000.\0002\0009\000.\0001\000.\0001\000\040\000X\000b\000o\000x\000B\000u\000t\000t\000o\000n\000\050\000\051}{subsection.6.29.1}% 169
\BOOKMARK [2][-]{subsection.6.29.2}{\376\377\0006\000.\0002\0009\000.\0002\000\040\000M\000e\000m\000b\000e\000r\000\040\000F\000u\000n\000c\000t\000i\000o\000n\000\040\000D\000o\000c\000u\000m\000e\000n\000t\000a\000t\000i\000o\000n}{section.6.29}% 170
\BOOKMARK [3][-]{subsubsection.6.29.2.1}{\376\377\0006\000.\0002\0009\000.\0002\000.\0001\000\040\000O\000n\000C\000l\000i\000c\000k\000\050\000\051}{subsection.6.29.2}% 171
\BOOKMARK [3][-]{subsubsection.6.29.2.2}{\376\377\0006\000.\0002\0009\000.\0002\000.\0002\000\040\000O\000n\000G\000o\000t\000F\000o\000c\000u\000s\000\050\000\051}{subsection.6.29.2}% 172
\BOOKMARK [3][-]{subsubsection.6.29.2.3}{\376\377\0006\000.\0002\0009\000.\0002\000.\0003\000\040\000O\000n\000L\000o\000s\000t\000F\000o\000c\000u\000s\000\050\000\051}{subsection.6.29.2}% 173
\BOOKMARK [1][-]{section.6.30}{\376\377\0006\000.\0003\0000\000\040\000C\000a\000i\000m\000a\000n\000.\000i\000n\000t\000e\000r\000f\000a\000c\000e\000G\000.\000X\000b\000o\000x\000C\000o\000n\000t\000r\000o\000l\000l\000e\000r\000\040\000C\000l\000a\000s\000s\000\040\000R\000e\000f\000e\000r\000e\000n\000c\000e}{chapter.6}% 174
\BOOKMARK [2][-]{subsection.6.30.1}{\376\377\0006\000.\0003\0000\000.\0001\000\040\000C\000o\000n\000s\000t\000r\000u\000c\000t\000o\000r\000\040\000\046\000\040\000D\000e\000s\000t\000r\000u\000c\000t\000o\000r\000\040\000D\000o\000c\000u\000m\000e\000n\000t\000a\000t\000i\000o\000n}{section.6.30}% 175
\BOOKMARK [3][-]{subsubsection.6.30.1.1}{\376\377\0006\000.\0003\0000\000.\0001\000.\0001\000\040\000X\000b\000o\000x\000C\000o\000n\000t\000r\000o\000l\000l\000e\000r\000\050\000\051}{subsection.6.30.1}% 176
\BOOKMARK [2][-]{subsection.6.30.2}{\376\377\0006\000.\0003\0000\000.\0002\000\040\000M\000e\000m\000b\000e\000r\000\040\000F\000u\000n\000c\000t\000i\000o\000n\000\040\000D\000o\000c\000u\000m\000e\000n\000t\000a\000t\000i\000o\000n}{section.6.30}% 177
\BOOKMARK [3][-]{subsubsection.6.30.2.1}{\376\377\0006\000.\0003\0000\000.\0002\000.\0001\000\040\000G\000e\000t\000I\000n\000p\000u\000t\000\050\000\051}{subsection.6.30.2}% 178
\BOOKMARK [3][-]{subsubsection.6.30.2.2}{\376\377\0006\000.\0003\0000\000.\0002\000.\0002\000\040\000S\000c\000a\000n\000C\000o\000n\000t\000r\000o\000l\000l\000e\000r\000\050\000\051}{subsection.6.30.2}% 179
\BOOKMARK [1][-]{section.6.31}{\376\377\0006\000.\0003\0001\000\040\000C\000a\000i\000m\000a\000n\000.\000i\000n\000t\000e\000r\000f\000a\000c\000e\000G\000.\000X\000b\000o\000x\000C\000o\000n\000t\000r\000o\000l\000.\000X\000b\000o\000x\000I\000m\000a\000g\000e\000\040\000C\000l\000a\000s\000s\000\040\000R\000e\000f\000e\000r\000e\000n\000c\000e}{chapter.6}% 180
\BOOKMARK [2][-]{subsection.6.31.1}{\376\377\0006\000.\0003\0001\000.\0001\000\040\000C\000o\000n\000s\000t\000r\000u\000c\000t\000o\000r\000\040\000\046\000\040\000D\000e\000s\000t\000r\000u\000c\000t\000o\000r\000\040\000D\000o\000c\000u\000m\000e\000n\000t\000a\000t\000i\000o\000n}{section.6.31}% 181
\BOOKMARK [3][-]{subsubsection.6.31.1.1}{\376\377\0006\000.\0003\0001\000.\0001\000.\0001\000\040\000X\000b\000o\000x\000I\000m\000a\000g\000e\000\050\000\051}{subsection.6.31.1}% 182
\BOOKMARK [2][-]{subsection.6.31.2}{\376\377\0006\000.\0003\0001\000.\0002\000\040\000M\000e\000m\000b\000e\000r\000\040\000F\000u\000n\000c\000t\000i\000o\000n\000\040\000D\000o\000c\000u\000m\000e\000n\000t\000a\000t\000i\000o\000n}{section.6.31}% 183
\BOOKMARK [3][-]{subsubsection.6.31.2.1}{\376\377\0006\000.\0003\0001\000.\0002\000.\0001\000\040\000O\000n\000C\000l\000i\000c\000k\000\050\000\051}{subsection.6.31.2}% 184
\BOOKMARK [3][-]{subsubsection.6.31.2.2}{\376\377\0006\000.\0003\0001\000.\0002\000.\0002\000\040\000O\000n\000G\000o\000t\000F\000o\000c\000u\000s\000\050\000\051}{subsection.6.31.2}% 185
\BOOKMARK [3][-]{subsubsection.6.31.2.3}{\376\377\0006\000.\0003\0001\000.\0002\000.\0003\000\040\000O\000n\000L\000o\000s\000t\000F\000o\000c\000u\000s\000\050\000\051}{subsection.6.31.2}% 186
\BOOKMARK [1][-]{section.6.32}{\376\377\0006\000.\0003\0002\000\040\000C\000a\000i\000m\000a\000n\000.\000i\000n\000t\000e\000r\000f\000a\000c\000e\000G\000.\000X\000b\000o\000x\000M\000a\000i\000n\000F\000o\000r\000m\000\040\000C\000l\000a\000s\000s\000\040\000R\000e\000f\000e\000r\000e\000n\000c\000e}{chapter.6}% 187
\BOOKMARK [2][-]{subsection.6.32.1}{\376\377\0006\000.\0003\0002\000.\0001\000\040\000C\000o\000n\000s\000t\000r\000u\000c\000t\000o\000r\000\040\000\046\000\040\000D\000e\000s\000t\000r\000u\000c\000t\000o\000r\000\040\000D\000o\000c\000u\000m\000e\000n\000t\000a\000t\000i\000o\000n}{section.6.32}% 188
\BOOKMARK [3][-]{subsubsection.6.32.1.1}{\376\377\0006\000.\0003\0002\000.\0001\000.\0001\000\040\000X\000b\000o\000x\000M\000a\000i\000n\000F\000o\000r\000m\000\050\000\051}{subsection.6.32.1}% 189
\BOOKMARK [2][-]{subsection.6.32.2}{\376\377\0006\000.\0003\0002\000.\0002\000\040\000M\000e\000m\000b\000e\000r\000\040\000F\000u\000n\000c\000t\000i\000o\000n\000\040\000D\000o\000c\000u\000m\000e\000n\000t\000a\000t\000i\000o\000n}{section.6.32}% 190
\BOOKMARK [3][-]{subsubsection.6.32.2.1}{\376\377\0006\000.\0003\0002\000.\0002\000.\0001\000\040\000A\000p\000p\000l\000i\000c\000a\000t\000i\000o\000n\000I\000s\000A\000c\000t\000i\000v\000a\000t\000e\000d\000\050\000\051}{subsection.6.32.2}% 191
\BOOKMARK [3][-]{subsubsection.6.32.2.2}{\376\377\0006\000.\0003\0002\000.\0002\000.\0002\000\040\000C\000o\000n\000t\000e\000x\000t\000e\000H\000a\000n\000d\000l\000e\000r\000\050\000\051}{subsection.6.32.2}% 192
\BOOKMARK [3][-]{subsubsection.6.32.2.3}{\376\377\0006\000.\0003\0002\000.\0002\000.\0003\000\040\000C\000r\000e\000a\000t\000e\000B\000a\000s\000e\000C\000o\000n\000t\000r\000o\000l\000\050\000\051}{subsection.6.32.2}% 193
\BOOKMARK [3][-]{subsubsection.6.32.2.4}{\376\377\0006\000.\0003\0002\000.\0002\000.\0004\000\040\000C\000r\000e\000a\000t\000e\000L\000o\000g\000i\000n\000C\000o\000n\000t\000r\000o\000l\000s\000\050\000\051}{subsection.6.32.2}% 194
\BOOKMARK [3][-]{subsubsection.6.32.2.5}{\376\377\0006\000.\0003\0002\000.\0002\000.\0005\000\040\000F\000o\000c\000u\000s\000T\000o\000M\000a\000i\000n\000P\000a\000n\000e\000l\000\050\000\051}{subsection.6.32.2}% 195
\BOOKMARK [3][-]{subsubsection.6.32.2.6}{\376\377\0006\000.\0003\0002\000.\0002\000.\0006\000\040\000I\000n\000i\000t\000T\000i\000m\000e\000r\000\050\000\051}{subsection.6.32.2}% 196
\BOOKMARK [3][-]{subsubsection.6.32.2.7}{\376\377\0006\000.\0003\0002\000.\0002\000.\0007\000\040\000L\000o\000a\000d\000N\000e\000w\000C\000o\000n\000f\000i\000g\000u\000r\000a\000t\000i\000o\000n\000M\000e\000n\000u\000\050\000\051}{subsection.6.32.2}% 197
\BOOKMARK [3][-]{subsubsection.6.32.2.8}{\376\377\0006\000.\0003\0002\000.\0002\000.\0008\000\040\000L\000o\000a\000d\000N\000e\000w\000D\000o\000w\000n\000l\000o\000a\000d\000L\000i\000s\000t\000\050\000\051}{subsection.6.32.2}% 198
\BOOKMARK [3][-]{subsubsection.6.32.2.9}{\376\377\0006\000.\0003\0002\000.\0002\000.\0009\000\040\000L\000o\000a\000d\000N\000e\000w\000G\000a\000m\000e\000D\000e\000t\000a\000i\000l\000s\000\050\000\051}{subsection.6.32.2}% 199
\BOOKMARK [3][-]{subsubsection.6.32.2.10}{\376\377\0006\000.\0003\0002\000.\0002\000.\0001\0000\000\040\000L\000o\000a\000d\000N\000e\000w\000H\000o\000m\000e\000P\000a\000n\000e\000l\000\050\000\051}{subsection.6.32.2}% 200
\BOOKMARK [3][-]{subsubsection.6.32.2.11}{\376\377\0006\000.\0003\0002\000.\0002\000.\0001\0001\000\040\000L\000o\000a\000d\000N\000e\000w\000L\000i\000s\000t\000G\000a\000m\000e\000s\000D\000o\000w\000n\000l\000o\000a\000d\000e\000d\000G\000a\000m\000e\000s\000\050\000\051}{subsection.6.32.2}% 201
\BOOKMARK [3][-]{subsubsection.6.32.2.12}{\376\377\0006\000.\0003\0002\000.\0002\000.\0001\0002\000\040\000L\000o\000a\000d\000N\000e\000w\000L\000i\000s\000t\000G\000a\000m\000e\000s\000F\000r\000o\000m\000C\000a\000t\000e\000g\000o\000r\000y\000\050\000\051}{subsection.6.32.2}% 202
\BOOKMARK [3][-]{subsubsection.6.32.2.13}{\376\377\0006\000.\0003\0002\000.\0002\000.\0001\0003\000\040\000L\000o\000a\000d\000N\000e\000w\000L\000i\000s\000t\000G\000a\000m\000e\000s\000F\000r\000o\000m\000U\000s\000e\000r\000F\000a\000v\000o\000r\000i\000t\000e\000\050\000\051}{subsection.6.32.2}% 203
\BOOKMARK [3][-]{subsubsection.6.32.2.14}{\376\377\0006\000.\0003\0002\000.\0002\000.\0001\0004\000\040\000L\000o\000a\000d\000N\000e\000w\000P\000a\000n\000e\000l\000A\000l\000l\000G\000a\000m\000e\000s\000\050\000\051}{subsection.6.32.2}% 204
\BOOKMARK [3][-]{subsubsection.6.32.2.15}{\376\377\0006\000.\0003\0002\000.\0002\000.\0001\0005\000\040\000L\000o\000a\000d\000N\000e\000w\000Q\000u\000i\000t\000M\000e\000n\000u\000\050\000\051}{subsection.6.32.2}% 205
\BOOKMARK [3][-]{subsubsection.6.32.2.16}{\376\377\0006\000.\0003\0002\000.\0002\000.\0001\0006\000\040\000L\000o\000a\000d\000O\000l\000d\000M\000a\000i\000n\000P\000a\000n\000e\000l\000\050\000\051}{subsection.6.32.2}% 206
\BOOKMARK [3][-]{subsubsection.6.32.2.17}{\376\377\0006\000.\0003\0002\000.\0002\000.\0001\0007\000\040\000S\000c\000a\000n\000I\000n\000p\000u\000t\000\050\000\051}{subsection.6.32.2}% 207
\BOOKMARK [1][-]{section.6.33}{\376\377\0006\000.\0003\0003\000\040\000C\000a\000i\000m\000a\000n\000.\000i\000n\000t\000e\000r\000f\000a\000c\000e\000G\000.\000u\000s\000e\000r\000c\000o\000n\000t\000r\000o\000l\000.\000X\000b\000o\000x\000N\000a\000v\000b\000a\000r\000B\000u\000t\000t\000o\000n\000\040\000C\000l\000a\000s\000s\000\040\000R\000e\000f\000e\000r\000e\000n\000c\000e}{chapter.6}% 208
\BOOKMARK [2][-]{subsection.6.33.1}{\376\377\0006\000.\0003\0003\000.\0001\000\040\000C\000o\000n\000s\000t\000r\000u\000c\000t\000o\000r\000\040\000\046\000\040\000D\000e\000s\000t\000r\000u\000c\000t\000o\000r\000\040\000D\000o\000c\000u\000m\000e\000n\000t\000a\000t\000i\000o\000n}{section.6.33}% 209
\BOOKMARK [3][-]{subsubsection.6.33.1.1}{\376\377\0006\000.\0003\0003\000.\0001\000.\0001\000\040\000X\000b\000o\000x\000N\000a\000v\000b\000a\000r\000B\000u\000t\000t\000o\000n\000\050\000\051}{subsection.6.33.1}% 210
\BOOKMARK [2][-]{subsection.6.33.2}{\376\377\0006\000.\0003\0003\000.\0002\000\040\000M\000e\000m\000b\000e\000r\000\040\000F\000u\000n\000c\000t\000i\000o\000n\000\040\000D\000o\000c\000u\000m\000e\000n\000t\000a\000t\000i\000o\000n}{section.6.33}% 211
\BOOKMARK [3][-]{subsubsection.6.33.2.1}{\376\377\0006\000.\0003\0003\000.\0002\000.\0001\000\040\000O\000n\000C\000l\000i\000c\000k\000\050\000\051}{subsection.6.33.2}% 212
\BOOKMARK [3][-]{subsubsection.6.33.2.2}{\376\377\0006\000.\0003\0003\000.\0002\000.\0002\000\040\000O\000n\000G\000o\000t\000F\000o\000c\000u\000s\000\050\000\051}{subsection.6.33.2}% 213
\BOOKMARK [3][-]{subsubsection.6.33.2.3}{\376\377\0006\000.\0003\0003\000.\0002\000.\0003\000\040\000O\000n\000L\000o\000s\000t\000F\000o\000c\000u\000s\000\050\000\051}{subsection.6.33.2}% 214
\BOOKMARK [1][-]{section.6.34}{\376\377\0006\000.\0003\0004\000\040\000C\000a\000i\000m\000a\000n\000.\000i\000n\000t\000e\000r\000f\000a\000c\000e\000G\000.\000X\000b\000o\000x\000U\000s\000e\000r\000C\000o\000n\000t\000r\000o\000l\000\040\000C\000l\000a\000s\000s\000\040\000R\000e\000f\000e\000r\000e\000n\000c\000e}{chapter.6}% 215
\BOOKMARK [2][-]{subsection.6.34.1}{\376\377\0006\000.\0003\0004\000.\0001\000\040\000C\000o\000n\000s\000t\000r\000u\000c\000t\000o\000r\000\040\000\046\000\040\000D\000e\000s\000t\000r\000u\000c\000t\000o\000r\000\040\000D\000o\000c\000u\000m\000e\000n\000t\000a\000t\000i\000o\000n}{section.6.34}% 216
\BOOKMARK [3][-]{subsubsection.6.34.1.1}{\376\377\0006\000.\0003\0004\000.\0001\000.\0001\000\040\000X\000b\000o\000x\000U\000s\000e\000r\000C\000o\000n\000t\000r\000o\000l\000\050\000\051\000\040\000[\0001\000/\0003\000]}{subsection.6.34.1}% 217
\BOOKMARK [3][-]{subsubsection.6.34.1.2}{\376\377\0006\000.\0003\0004\000.\0001\000.\0002\000\040\000X\000b\000o\000x\000U\000s\000e\000r\000C\000o\000n\000t\000r\000o\000l\000\050\000\051\000\040\000[\0002\000/\0003\000]}{subsection.6.34.1}% 218
\BOOKMARK [3][-]{subsubsection.6.34.1.3}{\376\377\0006\000.\0003\0004\000.\0001\000.\0003\000\040\000X\000b\000o\000x\000U\000s\000e\000r\000C\000o\000n\000t\000r\000o\000l\000\050\000\051\000\040\000[\0003\000/\0003\000]}{subsection.6.34.1}% 219
\BOOKMARK [2][-]{subsection.6.34.2}{\376\377\0006\000.\0003\0004\000.\0002\000\040\000M\000e\000m\000b\000e\000r\000\040\000F\000u\000n\000c\000t\000i\000o\000n\000\040\000D\000o\000c\000u\000m\000e\000n\000t\000a\000t\000i\000o\000n}{section.6.34}% 220
\BOOKMARK [3][-]{subsubsection.6.34.2.1}{\376\377\0006\000.\0003\0004\000.\0002\000.\0001\000\040\000b\000o\000u\000t\000o\000n\000\137\000C\000l\000i\000c\000k\000\050\000\051}{subsection.6.34.2}% 221
\BOOKMARK [3][-]{subsubsection.6.34.2.2}{\376\377\0006\000.\0003\0004\000.\0002\000.\0002\000\040\000M\000o\000v\000e\000A\000c\000t\000i\000v\000a\000t\000e\000C\000o\000n\000t\000r\000o\000l\000\050\000\051}{subsection.6.34.2}% 222
\BOOKMARK [2][-]{subsection.6.34.3}{\376\377\0006\000.\0003\0004\000.\0003\000\040\000P\000r\000o\000p\000e\000r\000t\000y\000\040\000D\000o\000c\000u\000m\000e\000n\000t\000a\000t\000i\000o\000n}{section.6.34}% 223
\BOOKMARK [3][-]{subsubsection.6.34.3.1}{\376\377\0006\000.\0003\0004\000.\0003\000.\0001\000\040\000P\000o\000s\000i\000t\000i\000o\000n\000\137\000x}{subsection.6.34.3}% 224
\BOOKMARK [3][-]{subsubsection.6.34.3.2}{\376\377\0006\000.\0003\0004\000.\0003\000.\0002\000\040\000P\000o\000s\000i\000t\000i\000o\000n\000\137\000y}{subsection.6.34.3}% 225
\BOOKMARK [0][-]{chapter.7}{\376\377\0007\000\040\000F\000i\000l\000e\000\040\000D\000o\000c\000u\000m\000e\000n\000t\000a\000t\000i\000o\000n}{}% 226
\BOOKMARK [1][-]{section.7.1}{\376\377\0007\000.\0001\000\040\000C\000a\000i\000m\000a\000n\000/\000d\000a\000t\000a\000b\000a\000s\000e\000/\000C\000a\000l\000l\000A\000P\000I\000.\000c\000s\000\040\000F\000i\000l\000e\000\040\000R\000e\000f\000e\000r\000e\000n\000c\000e}{chapter.7}% 227
\BOOKMARK [2][-]{subsection.7.1.1}{\376\377\0007\000.\0001\000.\0001\000\040\000D\000e\000t\000a\000i\000l\000e\000d\000\040\000D\000e\000s\000c\000r\000i\000p\000t\000i\000o\000n}{section.7.1}% 228
\BOOKMARK [3][-]{subsubsection.7.1.1.1}{\376\377\0007\000.\0001\000.\0001\000.\0001\000\040\000B\000D\000C\000C}{subsection.7.1.1}% 229
\BOOKMARK [1][-]{section.7.2}{\376\377\0007\000.\0002\000\040\000C\000a\000i\000m\000a\000n\000/\000i\000n\000t\000e\000r\000f\000a\000c\000e\000G\000/\000C\000o\000n\000t\000e\000x\000t\000I\000n\000f\000o\000r\000m\000a\000t\000i\000o\000n\000s\000.\000c\000s\000\040\000F\000i\000l\000e\000\040\000R\000e\000f\000e\000r\000e\000n\000c\000e}{chapter.7}% 230
\BOOKMARK [2][-]{subsection.7.2.1}{\376\377\0007\000.\0002\000.\0001\000\040\000D\000e\000t\000a\000i\000l\000e\000d\000\040\000D\000e\000s\000c\000r\000i\000p\000t\000i\000o\000n}{section.7.2}% 231
\BOOKMARK [3][-]{subsubsection.7.2.1.1}{\376\377\0007\000.\0002\000.\0001\000.\0001\000\040\000B\000D\000C\000C}{subsection.7.2.1}% 232
\BOOKMARK [1][-]{section.7.3}{\376\377\0007\000.\0003\000\040\000C\000a\000i\000m\000a\000n\000/\000i\000n\000t\000e\000r\000f\000a\000c\000e\000G\000/\000u\000s\000e\000r\000c\000o\000n\000t\000r\000o\000l\000/\000C\000o\000n\000f\000i\000g\000u\000r\000a\000t\000i\000o\000n\000M\000e\000n\000u\000X\000b\000o\000x\000.\000c\000s\000\040\000F\000i\000l\000e\000\040\000R\000e\000f\000e\000r\000e\000n\000c\000e}{chapter.7}% 233
\BOOKMARK [2][-]{subsection.7.3.1}{\376\377\0007\000.\0003\000.\0001\000\040\000D\000e\000t\000a\000i\000l\000e\000d\000\040\000D\000e\000s\000c\000r\000i\000p\000t\000i\000o\000n}{section.7.3}% 234
\BOOKMARK [3][-]{subsubsection.7.3.1.1}{\376\377\0007\000.\0003\000.\0001\000.\0001\000\040\000B\000D\000C\000C}{subsection.7.3.1}% 235
\BOOKMARK [1][-]{section.7.4}{\376\377\0007\000.\0004\000\040\000C\000a\000i\000m\000a\000n\000/\000i\000n\000t\000e\000r\000f\000a\000c\000e\000G\000/\000u\000s\000e\000r\000c\000o\000n\000t\000r\000o\000l\000/\000D\000o\000w\000n\000l\000o\000a\000d\000L\000i\000s\000t\000X\000b\000o\000x\000.\000c\000s\000\040\000F\000i\000l\000e\000\040\000R\000e\000f\000e\000r\000e\000n\000c\000e}{chapter.7}% 236
\BOOKMARK [2][-]{subsection.7.4.1}{\376\377\0007\000.\0004\000.\0001\000\040\000D\000e\000t\000a\000i\000l\000e\000d\000\040\000D\000e\000s\000c\000r\000i\000p\000t\000i\000o\000n}{section.7.4}% 237
\BOOKMARK [3][-]{subsubsection.7.4.1.1}{\376\377\0007\000.\0004\000.\0001\000.\0001\000\040\000B\000D\000C\000C}{subsection.7.4.1}% 238
\BOOKMARK [1][-]{section.7.5}{\376\377\0007\000.\0005\000\040\000C\000a\000i\000m\000a\000n\000/\000i\000n\000t\000e\000r\000f\000a\000c\000e\000G\000/\000u\000s\000e\000r\000c\000o\000n\000t\000r\000o\000l\000/\000G\000a\000m\000e\000D\000e\000t\000a\000i\000l\000s\000X\000b\000o\000x\000.\000c\000s\000\040\000F\000i\000l\000e\000\040\000R\000e\000f\000e\000r\000e\000n\000c\000e}{chapter.7}% 239
\BOOKMARK [2][-]{subsection.7.5.1}{\376\377\0007\000.\0005\000.\0001\000\040\000D\000e\000t\000a\000i\000l\000e\000d\000\040\000D\000e\000s\000c\000r\000i\000p\000t\000i\000o\000n}{section.7.5}% 240
\BOOKMARK [3][-]{subsubsection.7.5.1.1}{\376\377\0007\000.\0005\000.\0001\000.\0001\000\040\000B\000D\000C\000C}{subsection.7.5.1}% 241
\BOOKMARK [1][-]{section.7.6}{\376\377\0007\000.\0006\000\040\000C\000a\000i\000m\000a\000n\000/\000i\000n\000t\000e\000r\000f\000a\000c\000e\000G\000/\000u\000s\000e\000r\000c\000o\000n\000t\000r\000o\000l\000/\000L\000i\000s\000t\000G\000a\000m\000e\000X\000b\000o\000x\000.\000c\000s\000\040\000F\000i\000l\000e\000\040\000R\000e\000f\000e\000r\000e\000n\000c\000e}{chapter.7}% 242
\BOOKMARK [2][-]{subsection.7.6.1}{\376\377\0007\000.\0006\000.\0001\000\040\000D\000e\000t\000a\000i\000l\000e\000d\000\040\000D\000e\000s\000c\000r\000i\000p\000t\000i\000o\000n}{section.7.6}% 243
\BOOKMARK [3][-]{subsubsection.7.6.1.1}{\376\377\0007\000.\0006\000.\0001\000.\0001\000\040\000B\000D\000C\000C}{subsection.7.6.1}% 244
\BOOKMARK [1][-]{section.7.7}{\376\377\0007\000.\0007\000\040\000C\000a\000i\000m\000a\000n\000/\000i\000n\000t\000e\000r\000f\000a\000c\000e\000G\000/\000u\000s\000e\000r\000c\000o\000n\000t\000r\000o\000l\000/\000L\000o\000g\000i\000n\000C\000o\000n\000t\000r\000o\000l\000X\000b\000o\000x\000.\000c\000s\000\040\000F\000i\000l\000e\000\040\000R\000e\000f\000e\000r\000e\000n\000c\000e}{chapter.7}% 245
\BOOKMARK [2][-]{subsection.7.7.1}{\376\377\0007\000.\0007\000.\0001\000\040\000D\000e\000t\000a\000i\000l\000e\000d\000\040\000D\000e\000s\000c\000r\000i\000p\000t\000i\000o\000n}{section.7.7}% 246
\BOOKMARK [3][-]{subsubsection.7.7.1.1}{\376\377\0007\000.\0007\000.\0001\000.\0001\000\040\000B\000D\000C\000C}{subsection.7.7.1}% 247
\BOOKMARK [1][-]{section.7.8}{\376\377\0007\000.\0008\000\040\000C\000a\000i\000m\000a\000n\000/\000i\000n\000t\000e\000r\000f\000a\000c\000e\000G\000/\000u\000s\000e\000r\000c\000o\000n\000t\000r\000o\000l\000/\000N\000a\000v\000b\000a\000r\000X\000b\000o\000x\000.\000c\000s\000\040\000F\000i\000l\000e\000\040\000R\000e\000f\000e\000r\000e\000n\000c\000e}{chapter.7}% 248
\BOOKMARK [2][-]{subsection.7.8.1}{\376\377\0007\000.\0008\000.\0001\000\040\000D\000e\000t\000a\000i\000l\000e\000d\000\040\000D\000e\000s\000c\000r\000i\000p\000t\000i\000o\000n}{section.7.8}% 249
\BOOKMARK [3][-]{subsubsection.7.8.1.1}{\376\377\0007\000.\0008\000.\0001\000.\0001\000\040\000B\000D\000C\000C}{subsection.7.8.1}% 250
\BOOKMARK [1][-]{section.7.9}{\376\377\0007\000.\0009\000\040\000C\000a\000i\000m\000a\000n\000/\000i\000n\000t\000e\000r\000f\000a\000c\000e\000G\000/\000u\000s\000e\000r\000c\000o\000n\000t\000r\000o\000l\000/\000Q\000u\000i\000t\000M\000e\000n\000u\000X\000b\000o\000x\000.\000c\000s\000\040\000F\000i\000l\000e\000\040\000R\000e\000f\000e\000r\000e\000n\000c\000e}{chapter.7}% 251
\BOOKMARK [2][-]{subsection.7.9.1}{\376\377\0007\000.\0009\000.\0001\000\040\000D\000e\000t\000a\000i\000l\000e\000d\000\040\000D\000e\000s\000c\000r\000i\000p\000t\000i\000o\000n}{section.7.9}% 252
\BOOKMARK [3][-]{subsubsection.7.9.1.1}{\376\377\0007\000.\0009\000.\0001\000.\0001\000\040\000B\000D\000C\000C}{subsection.7.9.1}% 253
\BOOKMARK [1][-]{section.7.10}{\376\377\0007\000.\0001\0000\000\040\000C\000a\000i\000m\000a\000n\000/\000i\000n\000t\000e\000r\000f\000a\000c\000e\000G\000/\000u\000s\000e\000r\000c\000o\000n\000t\000r\000o\000l\000/\000S\000i\000d\000e\000B\000a\000r\000X\000b\000o\000x\000.\000c\000s\000\040\000F\000i\000l\000e\000\040\000R\000e\000f\000e\000r\000e\000n\000c\000e}{chapter.7}% 254
\BOOKMARK [2][-]{subsection.7.10.1}{\376\377\0007\000.\0001\0000\000.\0001\000\040\000D\000e\000t\000a\000i\000l\000e\000d\000\040\000D\000e\000s\000c\000r\000i\000p\000t\000i\000o\000n}{section.7.10}% 255
\BOOKMARK [3][-]{subsubsection.7.10.1.1}{\376\377\0007\000.\0001\0000\000.\0001\000.\0001\000\040\000B\000D\000C\000C}{subsection.7.10.1}% 256
\BOOKMARK [1][-]{section.7.11}{\376\377\0007\000.\0001\0001\000\040\000C\000a\000i\000m\000a\000n\000/\000i\000n\000t\000e\000r\000f\000a\000c\000e\000G\000/\000X\000b\000o\000x\000C\000o\000n\000t\000r\000o\000l\000/\000X\000b\000o\000x\000B\000u\000t\000t\000o\000n\000.\000c\000s\000\040\000F\000i\000l\000e\000\040\000R\000e\000f\000e\000r\000e\000n\000c\000e}{chapter.7}% 257
\BOOKMARK [2][-]{subsection.7.11.1}{\376\377\0007\000.\0001\0001\000.\0001\000\040\000D\000e\000t\000a\000i\000l\000e\000d\000\040\000D\000e\000s\000c\000r\000i\000p\000t\000i\000o\000n}{section.7.11}% 258
\BOOKMARK [3][-]{subsubsection.7.11.1.1}{\376\377\0007\000.\0001\0001\000.\0001\000.\0001\000\040\000B\000D\000C\000C}{subsection.7.11.1}% 259
\BOOKMARK [1][-]{section.7.12}{\376\377\0007\000.\0001\0002\000\040\000C\000a\000i\000m\000a\000n\000/\000i\000n\000t\000e\000r\000f\000a\000c\000e\000G\000/\000X\000b\000o\000x\000C\000o\000n\000t\000r\000o\000l\000/\000X\000b\000o\000x\000I\000m\000a\000g\000e\000.\000c\000s\000\040\000F\000i\000l\000e\000\040\000R\000e\000f\000e\000r\000e\000n\000c\000e}{chapter.7}% 260
\BOOKMARK [2][-]{subsection.7.12.1}{\376\377\0007\000.\0001\0002\000.\0001\000\040\000D\000e\000t\000a\000i\000l\000e\000d\000\040\000D\000e\000s\000c\000r\000i\000p\000t\000i\000o\000n}{section.7.12}% 261
\BOOKMARK [3][-]{subsubsection.7.12.1.1}{\376\377\0007\000.\0001\0002\000.\0001\000.\0001\000\040\000B\000D\000C\000C}{subsection.7.12.1}% 262
\BOOKMARK [1][-]{section.7.13}{\376\377\0007\000.\0001\0003\000\040\000C\000a\000i\000m\000a\000n\000/\000i\000n\000t\000e\000r\000f\000a\000c\000e\000G\000/\000X\000b\000o\000x\000C\000o\000n\000t\000r\000o\000l\000/\000X\000b\000o\000x\000N\000a\000v\000b\000a\000r\000B\000u\000t\000t\000o\000n\000.\000c\000s\000\040\000F\000i\000l\000e\000\040\000R\000e\000f\000e\000r\000e\000n\000c\000e}{chapter.7}% 263
\BOOKMARK [2][-]{subsection.7.13.1}{\376\377\0007\000.\0001\0003\000.\0001\000\040\000D\000e\000t\000a\000i\000l\000e\000d\000\040\000D\000e\000s\000c\000r\000i\000p\000t\000i\000o\000n}{section.7.13}% 264
\BOOKMARK [3][-]{subsubsection.7.13.1.1}{\376\377\0007\000.\0001\0003\000.\0001\000.\0001\000\040\000B\000D\000C\000C}{subsection.7.13.1}% 265
\BOOKMARK [1][-]{section.7.14}{\376\377\0007\000.\0001\0004\000\040\000C\000a\000i\000m\000a\000n\000/\000i\000n\000t\000e\000r\000f\000a\000c\000e\000G\000/\000X\000b\000o\000x\000C\000o\000n\000t\000r\000o\000l\000l\000e\000r\000.\000c\000s\000\040\000F\000i\000l\000e\000\040\000R\000e\000f\000e\000r\000e\000n\000c\000e}{chapter.7}% 266
\BOOKMARK [2][-]{subsection.7.14.1}{\376\377\0007\000.\0001\0004\000.\0001\000\040\000D\000e\000t\000a\000i\000l\000e\000d\000\040\000D\000e\000s\000c\000r\000i\000p\000t\000i\000o\000n}{section.7.14}% 267
\BOOKMARK [3][-]{subsubsection.7.14.1.1}{\376\377\0007\000.\0001\0004\000.\0001\000.\0001\000\040\000B\000D\000C\000C}{subsection.7.14.1}% 268
\BOOKMARK [1][-]{section.7.15}{\376\377\0007\000.\0001\0005\000\040\000C\000a\000i\000m\000a\000n\000/\000i\000n\000t\000e\000r\000f\000a\000c\000e\000G\000/\000X\000b\000o\000x\000M\000a\000i\000n\000F\000o\000r\000m\000.\000c\000s\000\040\000F\000i\000l\000e\000\040\000R\000e\000f\000e\000r\000e\000n\000c\000e}{chapter.7}% 269
\BOOKMARK [2][-]{subsection.7.15.1}{\376\377\0007\000.\0001\0005\000.\0001\000\040\000D\000e\000t\000a\000i\000l\000e\000d\000\040\000D\000e\000s\000c\000r\000i\000p\000t\000i\000o\000n}{section.7.15}% 270
\BOOKMARK [3][-]{subsubsection.7.15.1.1}{\376\377\0007\000.\0001\0005\000.\0001\000.\0001\000\040\000B\000D\000C\000C}{subsection.7.15.1}% 271
\BOOKMARK [1][-]{section.7.16}{\376\377\0007\000.\0001\0006\000\040\000C\000a\000i\000m\000a\000n\000/\000i\000n\000t\000e\000r\000f\000a\000c\000e\000G\000/\000X\000b\000o\000x\000U\000s\000e\000r\000C\000o\000n\000t\000r\000o\000l\000.\000c\000s\000\040\000F\000i\000l\000e\000\040\000R\000e\000f\000e\000r\000e\000n\000c\000e}{chapter.7}% 272
\BOOKMARK [2][-]{subsection.7.16.1}{\376\377\0007\000.\0001\0006\000.\0001\000\040\000D\000e\000t\000a\000i\000l\000e\000d\000\040\000D\000e\000s\000c\000r\000i\000p\000t\000i\000o\000n}{section.7.16}% 273
\BOOKMARK [3][-]{subsubsection.7.16.1.1}{\376\377\0007\000.\0001\0006\000.\0001\000.\0001\000\040\000B\000D\000C\000C}{subsection.7.16.1}% 274
\BOOKMARK [1][-]{section.7.17}{\376\377\0007\000.\0001\0007\000\040\000C\000a\000i\000m\000a\000n\000/\000l\000o\000g\000i\000q\000u\000e\000/\000C\000o\000n\000f\000i\000g\000F\000i\000l\000e\000E\000d\000i\000t\000o\000r\000.\000c\000s\000\040\000F\000i\000l\000e\000\040\000R\000e\000f\000e\000r\000e\000n\000c\000e}{chapter.7}% 275
\BOOKMARK [2][-]{subsection.7.17.1}{\376\377\0007\000.\0001\0007\000.\0001\000\040\000D\000e\000t\000a\000i\000l\000e\000d\000\040\000D\000e\000s\000c\000r\000i\000p\000t\000i\000o\000n}{section.7.17}% 276
\BOOKMARK [3][-]{subsubsection.7.17.1.1}{\376\377\0007\000.\0001\0007\000.\0001\000.\0001\000\040\000B\000D\000C\000C}{subsection.7.17.1}% 277
\BOOKMARK [1][-]{section.7.18}{\376\377\0007\000.\0001\0008\000\040\000C\000a\000i\000m\000a\000n\000/\000l\000o\000g\000i\000q\000u\000e\000/\000D\000o\000l\000p\000h\000i\000n\000.\000c\000s\000\040\000F\000i\000l\000e\000\040\000R\000e\000f\000e\000r\000e\000n\000c\000e}{chapter.7}% 278
\BOOKMARK [2][-]{subsection.7.18.1}{\376\377\0007\000.\0001\0008\000.\0001\000\040\000D\000e\000t\000a\000i\000l\000e\000d\000\040\000D\000e\000s\000c\000r\000i\000p\000t\000i\000o\000n}{section.7.18}% 279
\BOOKMARK [3][-]{subsubsection.7.18.1.1}{\376\377\0007\000.\0001\0008\000.\0001\000.\0001\000\040\000B\000D\000C\000C}{subsection.7.18.1}% 280
\BOOKMARK [1][-]{section.7.19}{\376\377\0007\000.\0001\0009\000\040\000C\000a\000i\000m\000a\000n\000/\000l\000o\000g\000i\000q\000u\000e\000/\000D\000o\000w\000n\000l\000o\000a\000d\000.\000c\000s\000\040\000F\000i\000l\000e\000\040\000R\000e\000f\000e\000r\000e\000n\000c\000e}{chapter.7}% 281
\BOOKMARK [2][-]{subsection.7.19.1}{\376\377\0007\000.\0001\0009\000.\0001\000\040\000D\000e\000t\000a\000i\000l\000e\000d\000\040\000D\000e\000s\000c\000r\000i\000p\000t\000i\000o\000n}{section.7.19}% 282
\BOOKMARK [3][-]{subsubsection.7.19.1.1}{\376\377\0007\000.\0001\0009\000.\0001\000.\0001\000\040\000B\000D\000C\000C}{subsection.7.19.1}% 283
\BOOKMARK [1][-]{section.7.20}{\376\377\0007\000.\0002\0000\000\040\000C\000a\000i\000m\000a\000n\000/\000l\000o\000g\000i\000q\000u\000e\000/\000D\000o\000w\000n\000l\000o\000a\000d\000M\000a\000n\000a\000g\000e\000r\000.\000c\000s\000\040\000F\000i\000l\000e\000\040\000R\000e\000f\000e\000r\000e\000n\000c\000e}{chapter.7}% 284
\BOOKMARK [2][-]{subsection.7.20.1}{\376\377\0007\000.\0002\0000\000.\0001\000\040\000D\000e\000t\000a\000i\000l\000e\000d\000\040\000D\000e\000s\000c\000r\000i\000p\000t\000i\000o\000n}{section.7.20}% 285
\BOOKMARK [3][-]{subsubsection.7.20.1.1}{\376\377\0007\000.\0002\0000\000.\0001\000.\0001\000\040\000B\000D\000C\000C}{subsection.7.20.1}% 286
\BOOKMARK [1][-]{section.7.21}{\376\377\0007\000.\0002\0001\000\040\000C\000a\000i\000m\000a\000n\000/\000l\000o\000g\000i\000q\000u\000e\000/\000D\000o\000w\000n\000l\000o\000a\000d\000S\000a\000v\000e\000.\000c\000s\000\040\000F\000i\000l\000e\000\040\000R\000e\000f\000e\000r\000e\000n\000c\000e}{chapter.7}% 287
\BOOKMARK [2][-]{subsection.7.21.1}{\376\377\0007\000.\0002\0001\000.\0001\000\040\000D\000e\000t\000a\000i\000l\000e\000d\000\040\000D\000e\000s\000c\000r\000i\000p\000t\000i\000o\000n}{section.7.21}% 288
\BOOKMARK [3][-]{subsubsection.7.21.1.1}{\376\377\0007\000.\0002\0001\000.\0001\000.\0001\000\040\000B\000D\000C\000C}{subsection.7.21.1}% 289
\BOOKMARK [1][-]{section.7.22}{\376\377\0007\000.\0002\0002\000\040\000C\000a\000i\000m\000a\000n\000/\000l\000o\000g\000i\000q\000u\000e\000/\000D\000o\000w\000n\000l\000o\000a\000d\000S\000a\000v\000e\000M\000a\000n\000a\000g\000e\000r\000.\000c\000s\000\040\000F\000i\000l\000e\000\040\000R\000e\000f\000e\000r\000e\000n\000c\000e}{chapter.7}% 290
\BOOKMARK [2][-]{subsection.7.22.1}{\376\377\0007\000.\0002\0002\000.\0001\000\040\000D\000e\000t\000a\000i\000l\000e\000d\000\040\000D\000e\000s\000c\000r\000i\000p\000t\000i\000o\000n}{section.7.22}% 291
\BOOKMARK [3][-]{subsubsection.7.22.1.1}{\376\377\0007\000.\0002\0002\000.\0001\000.\0001\000\040\000B\000D\000C\000C}{subsection.7.22.1}% 292
\BOOKMARK [1][-]{section.7.23}{\376\377\0007\000.\0002\0003\000\040\000C\000a\000i\000m\000a\000n\000/\000l\000o\000g\000i\000q\000u\000e\000/\000E\000m\000u\000l\000a\000t\000o\000r\000.\000c\000s\000\040\000F\000i\000l\000e\000\040\000R\000e\000f\000e\000r\000e\000n\000c\000e}{chapter.7}% 293
\BOOKMARK [2][-]{subsection.7.23.1}{\376\377\0007\000.\0002\0003\000.\0001\000\040\000D\000e\000t\000a\000i\000l\000e\000d\000\040\000D\000e\000s\000c\000r\000i\000p\000t\000i\000o\000n}{section.7.23}% 294
\BOOKMARK [3][-]{subsubsection.7.23.1.1}{\376\377\0007\000.\0002\0003\000.\0001\000.\0001\000\040\000B\000D\000C\000C}{subsection.7.23.1}% 295
\BOOKMARK [1][-]{section.7.24}{\376\377\0007\000.\0002\0004\000\040\000C\000a\000i\000m\000a\000n\000/\000l\000o\000g\000i\000q\000u\000e\000/\000E\000m\000u\000l\000a\000t\000o\000r\000s\000M\000a\000n\000a\000g\000e\000r\000.\000c\000s\000\040\000F\000i\000l\000e\000\040\000R\000e\000f\000e\000r\000e\000n\000c\000e}{chapter.7}% 296
\BOOKMARK [2][-]{subsection.7.24.1}{\376\377\0007\000.\0002\0004\000.\0001\000\040\000D\000e\000t\000a\000i\000l\000e\000d\000\040\000D\000e\000s\000c\000r\000i\000p\000t\000i\000o\000n}{section.7.24}% 297
\BOOKMARK [3][-]{subsubsection.7.24.1.1}{\376\377\0007\000.\0002\0004\000.\0001\000.\0001\000\040\000B\000D\000C\000C}{subsection.7.24.1}% 298
\BOOKMARK [1][-]{section.7.25}{\376\377\0007\000.\0002\0005\000\040\000C\000a\000i\000m\000a\000n\000/\000l\000o\000g\000i\000q\000u\000e\000/\000G\000a\000m\000e\000T\000i\000m\000e\000r\000.\000c\000s\000\040\000F\000i\000l\000e\000\040\000R\000e\000f\000e\000r\000e\000n\000c\000e}{chapter.7}% 299
\BOOKMARK [2][-]{subsection.7.25.1}{\376\377\0007\000.\0002\0005\000.\0001\000\040\000D\000e\000t\000a\000i\000l\000e\000d\000\040\000D\000e\000s\000c\000r\000i\000p\000t\000i\000o\000n}{section.7.25}% 300
\BOOKMARK [3][-]{subsubsection.7.25.1.1}{\376\377\0007\000.\0002\0005\000.\0001\000.\0001\000\040\000B\000D\000C\000C}{subsection.7.25.1}% 301
\BOOKMARK [1][-]{section.7.26}{\376\377\0007\000.\0002\0006\000\040\000C\000a\000i\000m\000a\000n\000/\000l\000o\000g\000i\000q\000u\000e\000/\000P\000C\000S\000X\0002\000.\000c\000s\000\040\000F\000i\000l\000e\000\040\000R\000e\000f\000e\000r\000e\000n\000c\000e}{chapter.7}% 302
\BOOKMARK [2][-]{subsection.7.26.1}{\376\377\0007\000.\0002\0006\000.\0001\000\040\000D\000e\000t\000a\000i\000l\000e\000d\000\040\000D\000e\000s\000c\000r\000i\000p\000t\000i\000o\000n}{section.7.26}% 303
\BOOKMARK [3][-]{subsubsection.7.26.1.1}{\376\377\0007\000.\0002\0006\000.\0001\000.\0001\000\040\000B\000D\000C\000C}{subsection.7.26.1}% 304
\BOOKMARK [1][-]{section.7.27}{\376\377\0007\000.\0002\0007\000\040\000C\000a\000i\000m\000a\000n\000/\000l\000o\000g\000i\000q\000u\000e\000/\000S\000a\000v\000e\000M\000a\000n\000a\000g\000e\000r\000.\000c\000s\000\040\000F\000i\000l\000e\000\040\000R\000e\000f\000e\000r\000e\000n\000c\000e}{chapter.7}% 305
\BOOKMARK [2][-]{subsection.7.27.1}{\376\377\0007\000.\0002\0007\000.\0001\000\040\000D\000e\000t\000a\000i\000l\000e\000d\000\040\000D\000e\000s\000c\000r\000i\000p\000t\000i\000o\000n}{section.7.27}% 306
\BOOKMARK [3][-]{subsubsection.7.27.1.1}{\376\377\0007\000.\0002\0007\000.\0001\000.\0001\000\040\000B\000D\000C\000C}{subsection.7.27.1}% 307
\BOOKMARK [1][-]{section.7.28}{\376\377\0007\000.\0002\0008\000\040\000C\000a\000i\000m\000a\000n\000/\000m\000o\000d\000e\000l\000s\000/\000C\000a\000t\000e\000g\000o\000r\000y\000.\000c\000s\000\040\000F\000i\000l\000e\000\040\000R\000e\000f\000e\000r\000e\000n\000c\000e}{chapter.7}% 308
\BOOKMARK [2][-]{subsection.7.28.1}{\376\377\0007\000.\0002\0008\000.\0001\000\040\000D\000e\000t\000a\000i\000l\000e\000d\000\040\000D\000e\000s\000c\000r\000i\000p\000t\000i\000o\000n}{section.7.28}% 309
\BOOKMARK [3][-]{subsubsection.7.28.1.1}{\376\377\0007\000.\0002\0008\000.\0001\000.\0001\000\040\000B\000D\000C\000C}{subsection.7.28.1}% 310
\BOOKMARK [1][-]{section.7.29}{\376\377\0007\000.\0002\0009\000\040\000C\000a\000i\000m\000a\000n\000/\000m\000o\000d\000e\000l\000s\000/\000C\000o\000n\000s\000o\000l\000e\000.\000c\000s\000\040\000F\000i\000l\000e\000\040\000R\000e\000f\000e\000r\000e\000n\000c\000e}{chapter.7}% 311
\BOOKMARK [2][-]{subsection.7.29.1}{\376\377\0007\000.\0002\0009\000.\0001\000\040\000D\000e\000t\000a\000i\000l\000e\000d\000\040\000D\000e\000s\000c\000r\000i\000p\000t\000i\000o\000n}{section.7.29}% 312
\BOOKMARK [3][-]{subsubsection.7.29.1.1}{\376\377\0007\000.\0002\0009\000.\0001\000.\0001\000\040\000B\000D\000C\000C}{subsection.7.29.1}% 313
\BOOKMARK [1][-]{section.7.30}{\376\377\0007\000.\0003\0000\000\040\000C\000a\000i\000m\000a\000n\000/\000m\000o\000d\000e\000l\000s\000/\000F\000i\000l\000e\000.\000c\000s\000\040\000F\000i\000l\000e\000\040\000R\000e\000f\000e\000r\000e\000n\000c\000e}{chapter.7}% 314
\BOOKMARK [2][-]{subsection.7.30.1}{\376\377\0007\000.\0003\0000\000.\0001\000\040\000D\000e\000t\000a\000i\000l\000e\000d\000\040\000D\000e\000s\000c\000r\000i\000p\000t\000i\000o\000n}{section.7.30}% 315
\BOOKMARK [3][-]{subsubsection.7.30.1.1}{\376\377\0007\000.\0003\0000\000.\0001\000.\0001\000\040\000B\000D\000C\000C}{subsection.7.30.1}% 316
\BOOKMARK [1][-]{section.7.31}{\376\377\0007\000.\0003\0001\000\040\000C\000a\000i\000m\000a\000n\000/\000m\000o\000d\000e\000l\000s\000/\000G\000a\000m\000e\000.\000c\000s\000\040\000F\000i\000l\000e\000\040\000R\000e\000f\000e\000r\000e\000n\000c\000e}{chapter.7}% 317
\BOOKMARK [2][-]{subsection.7.31.1}{\376\377\0007\000.\0003\0001\000.\0001\000\040\000D\000e\000t\000a\000i\000l\000e\000d\000\040\000D\000e\000s\000c\000r\000i\000p\000t\000i\000o\000n}{section.7.31}% 318
\BOOKMARK [3][-]{subsubsection.7.31.1.1}{\376\377\0007\000.\0003\0001\000.\0001\000.\0001\000\040\000B\000D\000C\000C}{subsection.7.31.1}% 319
\BOOKMARK [1][-]{section.7.32}{\376\377\0007\000.\0003\0002\000\040\000C\000a\000i\000m\000a\000n\000/\000m\000o\000d\000e\000l\000s\000/\000T\000i\000m\000e\000I\000n\000G\000a\000m\000e\000.\000c\000s\000\040\000F\000i\000l\000e\000\040\000R\000e\000f\000e\000r\000e\000n\000c\000e}{chapter.7}% 320
\BOOKMARK [2][-]{subsection.7.32.1}{\376\377\0007\000.\0003\0002\000.\0001\000\040\000D\000e\000t\000a\000i\000l\000e\000d\000\040\000D\000e\000s\000c\000r\000i\000p\000t\000i\000o\000n}{section.7.32}% 321
\BOOKMARK [3][-]{subsubsection.7.32.1.1}{\376\377\0007\000.\0003\0002\000.\0001\000.\0001\000\040\000B\000D\000C\000C}{subsection.7.32.1}% 322
\BOOKMARK [1][-]{section.7.33}{\376\377\0007\000.\0003\0003\000\040\000C\000a\000i\000m\000a\000n\000/\000m\000o\000d\000e\000l\000s\000/\000U\000s\000e\000r\000.\000c\000s\000\040\000F\000i\000l\000e\000\040\000R\000e\000f\000e\000r\000e\000n\000c\000e}{chapter.7}% 323
\BOOKMARK [2][-]{subsection.7.33.1}{\376\377\0007\000.\0003\0003\000.\0001\000\040\000D\000e\000t\000a\000i\000l\000e\000d\000\040\000D\000e\000s\000c\000r\000i\000p\000t\000i\000o\000n}{section.7.33}% 324
\BOOKMARK [3][-]{subsubsection.7.33.1.1}{\376\377\0007\000.\0003\0003\000.\0001\000.\0001\000\040\000B\000D\000C\000C}{subsection.7.33.1}% 325
\BOOKMARK [0][-]{section*.143}{\376\377\000I\000n\000d\000e\000x}{}% 326
