\BOOKMARK [0][-]{chapter.1}{\376\377\000I\000n\000t\000r\000o\000d\000u\000c\000t\000i\000o\000n}{}% 1
\BOOKMARK [1][-]{section.1.1}{\376\377\000C\000o\000n\000t\000e\000x\000t\000e}{chapter.1}% 2
\BOOKMARK [1][-]{section.1.2}{\376\377\000M\000o\000t\000i\000v\000a\000t\000i\000o\000n\000s}{chapter.1}% 3
\BOOKMARK [1][-]{section.1.3}{\376\377\000R\000\351\000s\000u\000m\000\351}{chapter.1}% 4
\BOOKMARK [1][-]{section.1.4}{\376\377\000A\000b\000s\000t\000r\000a\000c\000t}{chapter.1}% 5
\BOOKMARK [1][-]{section.1.5}{\376\377\000L\000\351\000g\000a\000l\000i\000t\000\351\000\040\000d\000u\000\040\000p\000r\000o\000j\000e\000t}{chapter.1}% 6
\BOOKMARK [1][-]{section.1.6}{\376\377\000I\000n\000s\000t\000a\000l\000l\000a\000t\000i\000o\000n}{chapter.1}% 7
\BOOKMARK [1][-]{section.1.7}{\376\377\000P\000o\000s\000t\000e\000r}{chapter.1}% 8
\BOOKMARK [0][-]{chapter.2}{\376\377\000C\000a\000h\000i\000e\000r\000\040\000d\000e\000s\000\040\000c\000h\000a\000r\000g\000e\000s}{}% 9
\BOOKMARK [1][-]{section.2.1}{\376\377\000O\000b\000j\000e\000c\000t\000i\000f\000s}{chapter.2}% 10
\BOOKMARK [1][-]{section.2.2}{\376\377\000S\000p\000\351\000c\000i\000f\000i\000c\000a\000t\000i\000o\000n}{chapter.2}% 11
\BOOKMARK [1][-]{section.2.3}{\376\377\000L\000i\000m\000i\000t\000e\000s\000\040\000d\000u\000\040\000P\000r\000o\000j\000e\000t}{chapter.2}% 12
\BOOKMARK [1][-]{section.2.4}{\376\377\000C\000a\000l\000e\000n\000d\000r\000i\000e\000r}{chapter.2}% 13
\BOOKMARK [1][-]{section.2.5}{\376\377\000M\000a\000t\000\351\000r\000i\000e\000l}{chapter.2}% 14
\BOOKMARK [0][-]{chapter.3}{\376\377\000\311\000t\000u\000d\000e\000\040\000d\040\031\000o\000p\000p\000o\000r\000t\000u\000n\000i\000t\000\351}{}% 15
\BOOKMARK [1][-]{section.3.1}{\376\377\000R\000e\000t\000r\000o\000P\000i\000e}{chapter.3}% 16
\BOOKMARK [1][-]{section.3.2}{\376\377\000R\000e\000t\000r\000o\000A\000r\000c\000h}{chapter.3}% 17
\BOOKMARK [1][-]{section.3.3}{\376\377\000R\000o\000m\000S\000t\000a\000t\000i\000o\000n}{chapter.3}% 18
\BOOKMARK [1][-]{section.3.4}{\376\377\000S\000t\000e\000a\000m}{chapter.3}% 19
\BOOKMARK [1][-]{section.3.5}{\376\377\000C\000o\000n\000c\000l\000u\000s\000i\000o\000n\000\040\000d\000e\000\040\000l\040\031\000a\000n\000a\000l\000y\000s\000e\000\040\000d\000e\000\040\000l\040\031\000e\000x\000i\000s\000t\000a\000n\000t}{chapter.3}% 20
\BOOKMARK [0][-]{chapter.4}{\376\377\000A\000n\000a\000l\000y\000s\000e\000\040\000f\000o\000n\000c\000t\000i\000o\000n\000n\000e\000l\000l\000e}{}% 21
\BOOKMARK [1][-]{section.4.1}{\376\377\000B\000a\000s\000e\000\040\000d\000e\000\040\000d\000o\000n\000n\000\351\000e\000s}{chapter.4}% 22
\BOOKMARK [1][-]{section.4.2}{\376\377\000S\000i\000t\000e\000\040\000w\000e\000b\000\040\000C\000a\000i\000m\000a\000n}{chapter.4}% 23
\BOOKMARK [1][-]{section.4.3}{\376\377\000A\000p\000p\000l\000i\000c\000a\000t\000i\000o\000n\000\040\000C\000a\000i\000m\000a\000n\000\040\000C\000\043}{chapter.4}% 24
\BOOKMARK [1][-]{section.4.4}{\376\377\000I\000n\000t\000e\000r\000f\000a\000c\000e\000\040\000u\000t\000i\000l\000i\000s\000a\000t\000e\000u\000r\000\040\000u\000t\000i\000l\000i\000s\000a\000b\000l\000e\000\040\000\340\000\040\000l\000a\000\040\000m\000a\000n\000e\000t\000t\000e}{chapter.4}% 25
\BOOKMARK [1][-]{section.4.5}{\376\377\000S\000e\000r\000v\000e\000u\000r\000\040\000D\000e\000b\000i\000a\000n\000\040\0001\0000}{chapter.4}% 26
\BOOKMARK [0][-]{chapter.5}{\376\377\000A\000n\000a\000l\000y\000s\000e\000\040\000o\000r\000g\000a\000n\000i\000q\000u\000e}{}% 27
\BOOKMARK [1][-]{section.5.1}{\376\377\000T\000e\000c\000h\000n\000o\000l\000o\000g\000i\000e\000s\000\040\000u\000t\000i\000l\000i\000s\000\351\000e\000s}{chapter.5}% 28
\BOOKMARK [1][-]{section.5.2}{\376\377\000A\000r\000c\000h\000i\000t\000e\000c\000t\000u\000r\000e\000\040\000d\000u\000\040\000p\000r\000o\000j\000e\000t}{chapter.5}% 29
\BOOKMARK [1][-]{section.5.3}{\376\377\000D\000e\000s\000c\000r\000i\000p\000t\000i\000o\000n\000\040\000t\000e\000c\000h\000n\000i\000q\000u\000e\000:\000\040\000S\000i\000t\000e\000\040\000w\000e\000b}{chapter.5}% 30
\BOOKMARK [1][-]{section.5.4}{\376\377\000D\000e\000s\000c\000r\000i\000p\000t\000i\000o\000n\000\040\000t\000e\000c\000h\000n\000i\000q\000u\000e\000:\000\040\000A\000P\000I}{chapter.5}% 31
\BOOKMARK [1][-]{section.5.5}{\376\377\000D\000e\000s\000c\000r\000i\000p\000t\000i\000o\000n\000\040\000t\000e\000c\000h\000n\000i\000q\000u\000e\000:\000\040\000A\000p\000p\000l\000i\000c\000a\000t\000i\000o\000n\000\040\000C\000a\000i\000m\000a\000n}{chapter.5}% 32
\BOOKMARK [1][-]{section.5.6}{\376\377\000D\000e\000s\000c\000r\000i\000p\000t\000i\000o\000n\000\040\000t\000e\000c\000h\000n\000i\000q\000u\000e\000:\000\040\000I\000n\000t\000e\000r\000f\000a\000c\000e\000\040\000g\000r\000a\000p\000h\000i\000q\000u\000e}{chapter.5}% 33
\BOOKMARK [0][-]{chapter.6}{\376\377\000T\000e\000s\000t\000s}{}% 34
\BOOKMARK [1][-]{section.6.1}{\376\377\000T\000e\000s\000t\000\040\000d\000e\000\040\000l\040\031\000i\000n\000t\000e\000r\000f\000a\000c\000e\000\040\000g\000r\000a\000p\000h\000i\000q\000u\000e}{chapter.6}% 35
\BOOKMARK [1][-]{section.6.2}{\376\377\000T\000e\000s\000t\000\040\000d\000e\000\040\000C\000a\000i\000m\000a\000n}{chapter.6}% 36
\BOOKMARK [0][-]{chapter.7}{\376\377\000P\000l\000a\000n\000n\000i\000n\000g}{}% 37
\BOOKMARK [1][-]{section.7.1}{\376\377\000P\000l\000a\000n\000n\000i\000n\000g\000\040\000p\000r\000\351\000v\000i\000s\000i\000o\000n\000n\000e\000l}{chapter.7}% 38
\BOOKMARK [1][-]{section.7.2}{\376\377\000P\000l\000a\000n\000n\000i\000n\000g\000\040\000e\000f\000f\000e\000c\000t\000i\000f}{chapter.7}% 39
\BOOKMARK [0][-]{chapter.8}{\376\377\000C\000o\000n\000c\000l\000u\000s\000i\000o\000n\000\040\000e\000t\000\040\000p\000e\000r\000s\000p\000e\000c\000t\000i\000v\000e\000s}{}% 40
\BOOKMARK [1][-]{section.8.1}{\376\377\000P\000r\000o\000b\000l\000\350\000m\000e\000\040\000r\000e\000n\000c\000o\000n\000t\000r\000\351\000s}{chapter.8}% 41
\BOOKMARK [1][-]{section.8.2}{\376\377\000E\000x\000p\000\351\000r\000i\000e\000n\000c\000e\000\040\000a\000c\000q\000u\000i\000s\000e\000\040\000d\000u\000r\000a\000n\000t\000\040\000l\000e\000\040\000t\000r\000a\000v\000a\000i\000l}{chapter.8}% 42
\BOOKMARK [1][-]{section.8.3}{\376\377\000A\000m\000\351\000l\000i\000o\000r\000a\000t\000i\000o\000n\000s\000\040\000e\000n\000v\000i\000s\000a\000g\000e\000a\000b\000l\000e\000s}{chapter.8}% 43
\BOOKMARK [1][-]{section.8.4}{\376\377\000C\000o\000n\000c\000l\000u\000s\000i\000o\000n\000\040\000G\000l\000o\000b\000a\000l\000e}{chapter.8}% 44
\BOOKMARK [0][-]{chapter.9}{\376\377\000R\000e\000m\000e\000r\000c\000i\000e\000m\000e\000n\000t}{}% 45
\BOOKMARK [0][-]{chapter.10}{\376\377\000S\000o\000u\000r\000c\000e\000s}{}% 46
\BOOKMARK [0][-]{chapter.11}{\376\377\000L\000o\000g\000b\000o\000o\000k}{}% 47
\BOOKMARK [1][-]{section.11.1}{\376\377\0001\0009\000.\0000\0004\000.\0002\0000\0002\0001}{chapter.11}% 48
\BOOKMARK [1][-]{section.11.2}{\376\377\0002\0000\000.\0000\0004\000.\0002\0000\0002\0001}{chapter.11}% 49
\BOOKMARK [1][-]{section.11.3}{\376\377\0002\0001\000.\0000\0004\000.\0002\0000\0002\0001}{chapter.11}% 50
\BOOKMARK [1][-]{section.11.4}{\376\377\0002\0002\000.\0000\0004\000.\0002\0000\0002\0001}{chapter.11}% 51
\BOOKMARK [1][-]{section.11.5}{\376\377\0002\0003\000.\0000\0004\000.\0002\0000\0002\0001}{chapter.11}% 52
\BOOKMARK [1][-]{section.11.6}{\376\377\0002\0006\000.\0000\0004\000.\0002\0000\0002\0001}{chapter.11}% 53
\BOOKMARK [1][-]{section.11.7}{\376\377\0002\0007\000.\0000\0004\000.\0002\0000\0002\0001}{chapter.11}% 54
\BOOKMARK [1][-]{section.11.8}{\376\377\0002\0008\000.\0000\0004\000.\0002\0000\0002\0001}{chapter.11}% 55
\BOOKMARK [1][-]{section.11.9}{\376\377\0002\0009\000.\0000\0004\000.\0002\0000\0002\0001}{chapter.11}% 56
\BOOKMARK [1][-]{section.11.10}{\376\377\0003\0000\000.\0000\0004\000.\0002\0000\0002\0001}{chapter.11}% 57
\BOOKMARK [1][-]{section.11.11}{\376\377\000n\000o\000t\000e\000s\000\040\000p\000o\000u\000r\000\040\000l\000e\000\040\000p\000r\000e\000m\000i\000e\000r\000\040\000r\000e\000n\000d\000u}{chapter.11}% 58
\BOOKMARK [1][-]{section.11.12}{\376\377\0000\0003\000.\0000\0005\000.\0002\0000\0002\0001}{chapter.11}% 59
\BOOKMARK [1][-]{section.11.13}{\376\377\0000\0004\000.\0000\0005\000.\0002\0000\0002\0001}{chapter.11}% 60
\BOOKMARK [1][-]{section.11.14}{\376\377\0000\0005\000.\0000\0005\000.\0002\0000\0002\0001}{chapter.11}% 61
\BOOKMARK [1][-]{section.11.15}{\376\377\0000\0006\000.\0000\0005\000.\0002\0000\0002\0001}{chapter.11}% 62
\BOOKMARK [1][-]{section.11.16}{\376\377\0000\0007\000.\0000\0005\000.\0002\0000\0002\0001}{chapter.11}% 63
\BOOKMARK [1][-]{section.11.17}{\376\377\0001\0000\000.\0000\0005\000.\0002\0000\0002\0001}{chapter.11}% 64
\BOOKMARK [1][-]{section.11.18}{\376\377\0001\0001\000.\0000\0005\000.\0002\0000\0002\0001}{chapter.11}% 65
\BOOKMARK [1][-]{section.11.19}{\376\377\0001\0002\000.\0000\0005\000.\0002\0000\0002\0001}{chapter.11}% 66
\BOOKMARK [1][-]{section.11.20}{\376\377\0001\0003\000.\0000\0005\000.\0002\0000\0002\0001}{chapter.11}% 67
\BOOKMARK [1][-]{section.11.21}{\376\377\0001\0004\000.\0000\0005\000.\0002\0000\0002\0001}{chapter.11}% 68
\BOOKMARK [1][-]{section.11.22}{\376\377\0001\0007\000.\0000\0005\000.\0002\0000\0002\0001}{chapter.11}% 69
\BOOKMARK [1][-]{section.11.23}{\376\377\0001\0008\000.\0000\0005\000.\0002\0000\0002\0001}{chapter.11}% 70
\BOOKMARK [1][-]{section.11.24}{\376\377\0001\0009\000.\0000\0005\000.\0002\0000\0002\0001}{chapter.11}% 71
\BOOKMARK [1][-]{section.11.25}{\376\377\0002\0000\000.\0000\0005\000.\0002\0000\0002\0001}{chapter.11}% 72
\BOOKMARK [1][-]{section.11.26}{\376\377\0002\0001\000.\0000\0005\000.\0002\0000\0002\0001}{chapter.11}% 73
\BOOKMARK [1][-]{section.11.27}{\376\377\0002\0004\000.\0000\0005\000.\0002\0000\0002\0001}{chapter.11}% 74
\BOOKMARK [1][-]{section.11.28}{\376\377\0002\0005\000.\0000\0005\000.\0002\0000\0002\0001}{chapter.11}% 75
\BOOKMARK [1][-]{section.11.29}{\376\377\0002\0006\000.\0000\0005\000.\0002\0000\0002\0001}{chapter.11}% 76
\BOOKMARK [1][-]{section.11.30}{\376\377\0002\0007\000.\0000\0005\000.\0002\0000\0002\0001}{chapter.11}% 77
\BOOKMARK [1][-]{section.11.31}{\376\377\0002\0008\000.\0000\0005\000.\0002\0000\0002\0001}{chapter.11}% 78
\BOOKMARK [1][-]{section.11.32}{\376\377\0003\0000\000.\0000\0005\000.\0002\0000\0002\0001}{chapter.11}% 79
\BOOKMARK [1][-]{section.11.33}{\376\377\0003\0001\000.\0000\0005\000.\0002\0000\0002\0001}{chapter.11}% 80
\BOOKMARK [1][-]{section.11.34}{\376\377\0000\0001\000.\0000\0006\000.\0002\0000\0002\0001}{chapter.11}% 81
\BOOKMARK [1][-]{section.11.35}{\376\377\0000\0002\000.\0000\0006\000.\0002\0000\0002\0001}{chapter.11}% 82
\BOOKMARK [1][-]{section.11.36}{\376\377\0000\0003\000.\0000\0006\000.\0002\0000\0002\0001}{chapter.11}% 83
\BOOKMARK [1][-]{section.11.37}{\376\377\0000\0004\000.\0000\0006\000.\0002\0000\0002\0001}{chapter.11}% 84
\BOOKMARK [1][-]{section.11.38}{\376\377\0000\0007\000.\0000\0006\000.\0002\0000\0002\0001}{chapter.11}% 85
\BOOKMARK [1][-]{section.11.39}{\376\377\0000\0008\000.\0000\0006\000.\0002\0000\0002\0001}{chapter.11}% 86
\BOOKMARK [1][-]{section.11.40}{\376\377\0000\0009\000.\0000\0006\000.\0002\0000\0002\0001}{chapter.11}% 87
\BOOKMARK [1][-]{section.11.41}{\376\377\0001\0000\000.\0000\0006\000.\0002\0000\0002\0001}{chapter.11}% 88
